{"/Users/maikmetzger/Privat/TestMcpServer/src/controllers/MathsController.ts": {"path":"/Users/maikmetzger/Privat/TestMcpServer/src/controllers/MathsController.ts","statementMap":{"0":{"start":{"line":3,"column":4},"end":{"line":16,"column":5}},"1":{"start":{"line":3,"column":17},"end":{"line":3,"column":18}},"2":{"start":{"line":4,"column":20},"end":{"line":4,"column":27}},"3":{"start":{"line":5,"column":6},"end":{"line":7,"column":7}},"4":{"start":{"line":6,"column":8},"end":{"line":6,"column":69}},"5":{"start":{"line":8,"column":6},"end":{"line":10,"column":7}},"6":{"start":{"line":9,"column":8},"end":{"line":9,"column":75}},"7":{"start":{"line":11,"column":6},"end":{"line":15,"column":7}},"8":{"start":{"line":12,"column":8},"end":{"line":14,"column":10}},"9":{"start":{"line":20,"column":4},"end":{"line":50,"column":5}},"10":{"start":{"line":21,"column":6},"end":{"line":21,"column":39}},"11":{"start":{"line":22,"column":21},"end":{"line":22,"column":26}},"12":{"start":{"line":25,"column":6},"end":{"line":27,"column":7}},"13":{"start":{"line":26,"column":8},"end":{"line":26,"column":69}},"14":{"start":{"line":29,"column":6},"end":{"line":37,"column":8}},"15":{"start":{"line":39,"column":6},"end":{"line":49,"column":8}},"16":{"start":{"line":54,"column":4},"end":{"line":84,"column":5}},"17":{"start":{"line":55,"column":6},"end":{"line":55,"column":39}},"18":{"start":{"line":56,"column":21},"end":{"line":56,"column":26}},"19":{"start":{"line":59,"column":6},"end":{"line":61,"column":7}},"20":{"start":{"line":60,"column":8},"end":{"line":60,"column":69}},"21":{"start":{"line":63,"column":6},"end":{"line":71,"column":8}},"22":{"start":{"line":73,"column":6},"end":{"line":83,"column":8}},"23":{"start":{"line":88,"column":4},"end":{"line":123,"column":5}},"24":{"start":{"line":89,"column":6},"end":{"line":89,"column":39}},"25":{"start":{"line":91,"column":6},"end":{"line":93,"column":7}},"26":{"start":{"line":92,"column":8},"end":{"line":92,"column":59}},"27":{"start":{"line":95,"column":21},"end":{"line":95,"column":26}},"28":{"start":{"line":98,"column":6},"end":{"line":100,"column":7}},"29":{"start":{"line":99,"column":8},"end":{"line":99,"column":69}},"30":{"start":{"line":102,"column":6},"end":{"line":110,"column":8}},"31":{"start":{"line":112,"column":6},"end":{"line":122,"column":8}},"32":{"start":{"line":127,"column":4},"end":{"line":157,"column":5}},"33":{"start":{"line":128,"column":6},"end":{"line":128,"column":39}},"34":{"start":{"line":129,"column":21},"end":{"line":129,"column":26}},"35":{"start":{"line":132,"column":6},"end":{"line":134,"column":7}},"36":{"start":{"line":133,"column":8},"end":{"line":133,"column":69}},"37":{"start":{"line":136,"column":6},"end":{"line":144,"column":8}},"38":{"start":{"line":146,"column":6},"end":{"line":156,"column":8}},"39":{"start":{"line":161,"column":4},"end":{"line":191,"column":5}},"40":{"start":{"line":162,"column":6},"end":{"line":162,"column":36}},"41":{"start":{"line":164,"column":6},"end":{"line":166,"column":7}},"42":{"start":{"line":165,"column":8},"end":{"line":165,"column":77}},"43":{"start":{"line":168,"column":21},"end":{"line":168,"column":33}},"44":{"start":{"line":170,"column":6},"end":{"line":178,"column":8}},"45":{"start":{"line":180,"column":6},"end":{"line":190,"column":8}},"46":{"start":{"line":195,"column":4},"end":{"line":231,"column":5}},"47":{"start":{"line":196,"column":6},"end":{"line":196,"column":39}},"48":{"start":{"line":199,"column":6},"end":{"line":201,"column":7}},"49":{"start":{"line":200,"column":8},"end":{"line":200,"column":70}},"50":{"start":{"line":203,"column":21},"end":{"line":203,"column":35}},"51":{"start":{"line":206,"column":6},"end":{"line":208,"column":7}},"52":{"start":{"line":207,"column":8},"end":{"line":207,"column":69}},"53":{"start":{"line":210,"column":6},"end":{"line":218,"column":8}},"54":{"start":{"line":220,"column":6},"end":{"line":230,"column":8}},"55":{"start":{"line":235,"column":4},"end":{"line":265,"column":5}},"56":{"start":{"line":236,"column":6},"end":{"line":236,"column":39}},"57":{"start":{"line":238,"column":6},"end":{"line":240,"column":7}},"58":{"start":{"line":239,"column":8},"end":{"line":239,"column":57}},"59":{"start":{"line":242,"column":21},"end":{"line":242,"column":26}},"60":{"start":{"line":244,"column":6},"end":{"line":252,"column":8}},"61":{"start":{"line":254,"column":6},"end":{"line":264,"column":8}},"62":{"start":{"line":269,"column":4},"end":{"line":303,"column":5}},"63":{"start":{"line":270,"column":6},"end":{"line":270,"column":39}},"64":{"start":{"line":272,"column":6},"end":{"line":274,"column":7}},"65":{"start":{"line":273,"column":8},"end":{"line":273,"column":55}},"66":{"start":{"line":275,"column":6},"end":{"line":277,"column":7}},"67":{"start":{"line":276,"column":8},"end":{"line":276,"column":72}},"68":{"start":{"line":280,"column":21},"end":{"line":280,"column":46}},"69":{"start":{"line":282,"column":6},"end":{"line":290,"column":8}},"70":{"start":{"line":292,"column":6},"end":{"line":302,"column":8}},"71":{"start":{"line":307,"column":4},"end":{"line":338,"column":5}},"72":{"start":{"line":308,"column":6},"end":{"line":308,"column":39}},"73":{"start":{"line":310,"column":21},"end":{"line":310,"column":32}},"74":{"start":{"line":313,"column":6},"end":{"line":315,"column":7}},"75":{"start":{"line":314,"column":8},"end":{"line":314,"column":69}},"76":{"start":{"line":317,"column":6},"end":{"line":325,"column":8}},"77":{"start":{"line":327,"column":6},"end":{"line":337,"column":8}},"78":{"start":{"line":342,"column":4},"end":{"line":401,"column":5}},"79":{"start":{"line":344,"column":6},"end":{"line":346,"column":7}},"80":{"start":{"line":345,"column":8},"end":{"line":345,"column":62}},"81":{"start":{"line":349,"column":6},"end":{"line":353,"column":7}},"82":{"start":{"line":349,"column":19},"end":{"line":349,"column":20}},"83":{"start":{"line":350,"column":8},"end":{"line":352,"column":9}},"84":{"start":{"line":351,"column":10},"end":{"line":351,"column":73}},"85":{"start":{"line":356,"column":6},"end":{"line":358,"column":7}},"86":{"start":{"line":357,"column":8},"end":{"line":357,"column":59}},"87":{"start":{"line":360,"column":6},"end":{"line":362,"column":7}},"88":{"start":{"line":361,"column":8},"end":{"line":361,"column":80}},"89":{"start":{"line":365,"column":19},"end":{"line":365,"column":80}},"90":{"start":{"line":365,"column":49},"end":{"line":365,"column":60}},"91":{"start":{"line":368,"column":33},"end":{"line":368,"column":79}},"92":{"start":{"line":368,"column":53},"end":{"line":368,"column":78}},"93":{"start":{"line":369,"column":38},"end":{"line":369,"column":95}},"94":{"start":{"line":369,"column":80},"end":{"line":369,"column":91}},"95":{"start":{"line":374,"column":6},"end":{"line":378,"column":7}},"96":{"start":{"line":375,"column":8},"end":{"line":375,"column":79}},"97":{"start":{"line":377,"column":8},"end":{"line":377,"column":85}},"98":{"start":{"line":380,"column":6},"end":{"line":388,"column":8}},"99":{"start":{"line":390,"column":6},"end":{"line":400,"column":8}},"100":{"start":{"line":405,"column":0},"end":{"line":405,"column":31}}},"fnMap":{"0":{"name":"(anonymous_0)","decl":{"start":{"line":2,"column":10},"end":{"line":2,"column":31}},"loc":{"start":{"line":2,"column":46},"end":{"line":17,"column":3}}},"1":{"name":"(anonymous_1)","decl":{"start":{"line":19,"column":2},"end":{"line":19,"column":7}},"loc":{"start":{"line":19,"column":43},"end":{"line":51,"column":3}}},"2":{"name":"(anonymous_2)","decl":{"start":{"line":53,"column":2},"end":{"line":53,"column":7}},"loc":{"start":{"line":53,"column":49},"end":{"line":85,"column":3}}},"3":{"name":"(anonymous_3)","decl":{"start":{"line":87,"column":2},"end":{"line":87,"column":7}},"loc":{"start":{"line":87,"column":43},"end":{"line":124,"column":3}}},"4":{"name":"(anonymous_4)","decl":{"start":{"line":126,"column":2},"end":{"line":126,"column":7}},"loc":{"start":{"line":126,"column":46},"end":{"line":158,"column":3}}},"5":{"name":"(anonymous_5)","decl":{"start":{"line":160,"column":2},"end":{"line":160,"column":7}},"loc":{"start":{"line":160,"column":34},"end":{"line":192,"column":3}}},"6":{"name":"(anonymous_6)","decl":{"start":{"line":194,"column":2},"end":{"line":194,"column":7}},"loc":{"start":{"line":194,"column":40},"end":{"line":232,"column":3}}},"7":{"name":"(anonymous_7)","decl":{"start":{"line":234,"column":2},"end":{"line":234,"column":7}},"loc":{"start":{"line":234,"column":41},"end":{"line":266,"column":3}}},"8":{"name":"(anonymous_8)","decl":{"start":{"line":268,"column":2},"end":{"line":268,"column":7}},"loc":{"start":{"line":268,"column":44},"end":{"line":304,"column":3}}},"9":{"name":"(anonymous_9)","decl":{"start":{"line":306,"column":2},"end":{"line":306,"column":7}},"loc":{"start":{"line":306,"column":42},"end":{"line":339,"column":3}}},"10":{"name":"(anonymous_10)","decl":{"start":{"line":341,"column":2},"end":{"line":341,"column":7}},"loc":{"start":{"line":341,"column":94},"end":{"line":402,"column":3}}},"11":{"name":"(anonymous_11)","decl":{"start":{"line":365,"column":33},"end":{"line":365,"column":34}},"loc":{"start":{"line":365,"column":49},"end":{"line":365,"column":60}}},"12":{"name":"(anonymous_12)","decl":{"start":{"line":368,"column":44},"end":{"line":368,"column":49}},"loc":{"start":{"line":368,"column":53},"end":{"line":368,"column":78}}},"13":{"name":"(anonymous_13)","decl":{"start":{"line":369,"column":64},"end":{"line":369,"column":65}},"loc":{"start":{"line":369,"column":80},"end":{"line":369,"column":91}}}},"branchMap":{"0":{"loc":{"start":{"line":5,"column":6},"end":{"line":7,"column":7}},"type":"if","locations":[{"start":{"line":5,"column":6},"end":{"line":7,"column":7}}]},"1":{"loc":{"start":{"line":5,"column":10},"end":{"line":5,"column":47}},"type":"binary-expr","locations":[{"start":{"line":5,"column":10},"end":{"line":5,"column":29}},{"start":{"line":5,"column":33},"end":{"line":5,"column":47}}]},"2":{"loc":{"start":{"line":8,"column":6},"end":{"line":10,"column":7}},"type":"if","locations":[{"start":{"line":8,"column":6},"end":{"line":10,"column":7}}]},"3":{"loc":{"start":{"line":11,"column":6},"end":{"line":15,"column":7}},"type":"if","locations":[{"start":{"line":11,"column":6},"end":{"line":15,"column":7}}]},"4":{"loc":{"start":{"line":25,"column":6},"end":{"line":27,"column":7}},"type":"if","locations":[{"start":{"line":25,"column":6},"end":{"line":27,"column":7}}]},"5":{"loc":{"start":{"line":44,"column":14},"end":{"line":44,"column":null}},"type":"cond-expr","locations":[{"start":{"line":44,"column":39},"end":{"line":44,"column":52}},{"start":{"line":44,"column":55},"end":{"line":44,"column":null}}]},"6":{"loc":{"start":{"line":59,"column":6},"end":{"line":61,"column":7}},"type":"if","locations":[{"start":{"line":59,"column":6},"end":{"line":61,"column":7}}]},"7":{"loc":{"start":{"line":78,"column":14},"end":{"line":78,"column":null}},"type":"cond-expr","locations":[{"start":{"line":78,"column":39},"end":{"line":78,"column":52}},{"start":{"line":78,"column":55},"end":{"line":78,"column":null}}]},"8":{"loc":{"start":{"line":91,"column":6},"end":{"line":93,"column":7}},"type":"if","locations":[{"start":{"line":91,"column":6},"end":{"line":93,"column":7}}]},"9":{"loc":{"start":{"line":98,"column":6},"end":{"line":100,"column":7}},"type":"if","locations":[{"start":{"line":98,"column":6},"end":{"line":100,"column":7}}]},"10":{"loc":{"start":{"line":117,"column":14},"end":{"line":117,"column":null}},"type":"cond-expr","locations":[{"start":{"line":117,"column":39},"end":{"line":117,"column":52}},{"start":{"line":117,"column":55},"end":{"line":117,"column":null}}]},"11":{"loc":{"start":{"line":132,"column":6},"end":{"line":134,"column":7}},"type":"if","locations":[{"start":{"line":132,"column":6},"end":{"line":134,"column":7}}]},"12":{"loc":{"start":{"line":151,"column":14},"end":{"line":151,"column":null}},"type":"cond-expr","locations":[{"start":{"line":151,"column":39},"end":{"line":151,"column":52}},{"start":{"line":151,"column":55},"end":{"line":151,"column":null}}]},"13":{"loc":{"start":{"line":164,"column":6},"end":{"line":166,"column":7}},"type":"if","locations":[{"start":{"line":164,"column":6},"end":{"line":166,"column":7}}]},"14":{"loc":{"start":{"line":185,"column":14},"end":{"line":185,"column":null}},"type":"cond-expr","locations":[{"start":{"line":185,"column":39},"end":{"line":185,"column":52}},{"start":{"line":185,"column":55},"end":{"line":185,"column":null}}]},"15":{"loc":{"start":{"line":199,"column":6},"end":{"line":201,"column":7}},"type":"if","locations":[{"start":{"line":199,"column":6},"end":{"line":201,"column":7}}]},"16":{"loc":{"start":{"line":206,"column":6},"end":{"line":208,"column":7}},"type":"if","locations":[{"start":{"line":206,"column":6},"end":{"line":208,"column":7}}]},"17":{"loc":{"start":{"line":225,"column":14},"end":{"line":225,"column":null}},"type":"cond-expr","locations":[{"start":{"line":225,"column":39},"end":{"line":225,"column":52}},{"start":{"line":225,"column":55},"end":{"line":225,"column":null}}]},"18":{"loc":{"start":{"line":238,"column":6},"end":{"line":240,"column":7}},"type":"if","locations":[{"start":{"line":238,"column":6},"end":{"line":240,"column":7}}]},"19":{"loc":{"start":{"line":259,"column":14},"end":{"line":259,"column":null}},"type":"cond-expr","locations":[{"start":{"line":259,"column":39},"end":{"line":259,"column":52}},{"start":{"line":259,"column":55},"end":{"line":259,"column":null}}]},"20":{"loc":{"start":{"line":272,"column":6},"end":{"line":274,"column":7}},"type":"if","locations":[{"start":{"line":272,"column":6},"end":{"line":274,"column":7}}]},"21":{"loc":{"start":{"line":275,"column":6},"end":{"line":277,"column":7}},"type":"if","locations":[{"start":{"line":275,"column":6},"end":{"line":277,"column":7}}]},"22":{"loc":{"start":{"line":275,"column":10},"end":{"line":275,"column":27}},"type":"binary-expr","locations":[{"start":{"line":275,"column":10},"end":{"line":275,"column":16}},{"start":{"line":275,"column":20},"end":{"line":275,"column":27}}]},"23":{"loc":{"start":{"line":297,"column":14},"end":{"line":297,"column":null}},"type":"cond-expr","locations":[{"start":{"line":297,"column":39},"end":{"line":297,"column":52}},{"start":{"line":297,"column":55},"end":{"line":297,"column":null}}]},"24":{"loc":{"start":{"line":313,"column":6},"end":{"line":315,"column":7}},"type":"if","locations":[{"start":{"line":313,"column":6},"end":{"line":315,"column":7}}]},"25":{"loc":{"start":{"line":332,"column":14},"end":{"line":332,"column":null}},"type":"cond-expr","locations":[{"start":{"line":332,"column":39},"end":{"line":332,"column":52}},{"start":{"line":332,"column":55},"end":{"line":332,"column":null}}]},"26":{"loc":{"start":{"line":341,"column":50},"end":{"line":341,"column":94}},"type":"default-arg","locations":[{"start":{"line":341,"column":82},"end":{"line":341,"column":94}}]},"27":{"loc":{"start":{"line":344,"column":6},"end":{"line":346,"column":7}},"type":"if","locations":[{"start":{"line":344,"column":6},"end":{"line":346,"column":7}}]},"28":{"loc":{"start":{"line":350,"column":8},"end":{"line":352,"column":9}},"type":"if","locations":[{"start":{"line":350,"column":8},"end":{"line":352,"column":9}}]},"29":{"loc":{"start":{"line":350,"column":12},"end":{"line":350,"column":65}},"type":"binary-expr","locations":[{"start":{"line":350,"column":12},"end":{"line":350,"column":41}},{"start":{"line":350,"column":45},"end":{"line":350,"column":65}}]},"30":{"loc":{"start":{"line":356,"column":6},"end":{"line":358,"column":7}},"type":"if","locations":[{"start":{"line":356,"column":6},"end":{"line":358,"column":7}}]},"31":{"loc":{"start":{"line":360,"column":6},"end":{"line":362,"column":7}},"type":"if","locations":[{"start":{"line":360,"column":6},"end":{"line":362,"column":7}}]},"32":{"loc":{"start":{"line":360,"column":10},"end":{"line":360,"column":48}},"type":"binary-expr","locations":[{"start":{"line":360,"column":10},"end":{"line":360,"column":27}},{"start":{"line":360,"column":31},"end":{"line":360,"column":48}}]},"33":{"loc":{"start":{"line":374,"column":6},"end":{"line":378,"column":7}},"type":"if","locations":[{"start":{"line":374,"column":6},"end":{"line":378,"column":7}},{"start":{"line":376,"column":13},"end":{"line":378,"column":7}}]},"34":{"loc":{"start":{"line":384,"column":21},"end":{"line":384,"column":68}},"type":"cond-expr","locations":[{"start":{"line":384,"column":45},"end":{"line":384,"column":57}},{"start":{"line":384,"column":60},"end":{"line":384,"column":68}}]},"35":{"loc":{"start":{"line":395,"column":14},"end":{"line":395,"column":null}},"type":"cond-expr","locations":[{"start":{"line":395,"column":39},"end":{"line":395,"column":52}},{"start":{"line":395,"column":55},"end":{"line":395,"column":null}}]}},"s":{"0":0,"1":0,"2":0,"3":0,"4":0,"5":0,"6":0,"7":0,"8":0,"9":0,"10":0,"11":0,"12":0,"13":0,"14":0,"15":0,"16":0,"17":0,"18":0,"19":0,"20":0,"21":0,"22":0,"23":0,"24":0,"25":0,"26":0,"27":0,"28":0,"29":0,"30":0,"31":0,"32":0,"33":0,"34":0,"35":0,"36":0,"37":0,"38":0,"39":0,"40":0,"41":0,"42":0,"43":0,"44":0,"45":0,"46":0,"47":0,"48":0,"49":0,"50":0,"51":0,"52":0,"53":0,"54":0,"55":0,"56":0,"57":0,"58":0,"59":0,"60":0,"61":0,"62":0,"63":0,"64":0,"65":0,"66":0,"67":0,"68":0,"69":0,"70":0,"71":0,"72":0,"73":0,"74":0,"75":0,"76":0,"77":0,"78":8,"79":8,"80":0,"81":8,"82":8,"83":28,"84":1,"85":7,"86":2,"87":5,"88":1,"89":4,"90":25,"91":4,"92":25,"93":4,"94":25,"95":4,"96":3,"97":1,"98":4,"99":4,"100":1},"f":{"0":0,"1":0,"2":0,"3":0,"4":0,"5":0,"6":0,"7":0,"8":0,"9":0,"10":8,"11":25,"12":25,"13":25},"b":{"0":[0],"1":[0,0],"2":[0],"3":[0],"4":[0],"5":[0,0],"6":[0],"7":[0,0],"8":[0],"9":[0],"10":[0,0],"11":[0],"12":[0,0],"13":[0],"14":[0,0],"15":[0],"16":[0],"17":[0,0],"18":[0],"19":[0,0],"20":[0],"21":[0],"22":[0,0],"23":[0,0],"24":[0],"25":[0,0],"26":[4],"27":[0],"28":[1],"29":[28,28],"30":[2],"31":[1],"32":[5,2],"33":[3,1],"34":[3,1],"35":[4,0]}}
}
