{"/Users/maikmetzger/Privat/TestMcpServer/src/controllers/BrowserController.ts": {"path":"/Users/maikmetzger/Privat/TestMcpServer/src/controllers/BrowserController.ts","statementMap":{"0":{"start":{"line":1,"column":0},"end":{"line":1,"column":34}},"1":{"start":{"line":11,"column":36},"end":{"line":11,"column":40}},"2":{"start":{"line":14,"column":4},"end":{"line":16,"column":5}},"3":{"start":{"line":15,"column":6},"end":{"line":15,"column":26}},"4":{"start":{"line":18,"column":41},"end":{"line":20,"column":6}},"5":{"start":{"line":22,"column":4},"end":{"line":24,"column":5}},"6":{"start":{"line":23,"column":6},"end":{"line":23,"column":49}},"7":{"start":{"line":26,"column":4},"end":{"line":26,"column":57}},"8":{"start":{"line":27,"column":4},"end":{"line":27,"column":24}},"9":{"start":{"line":31,"column":4},"end":{"line":34,"column":5}},"10":{"start":{"line":32,"column":6},"end":{"line":32,"column":33}},"11":{"start":{"line":33,"column":6},"end":{"line":33,"column":26}},"12":{"start":{"line":38,"column":47},"end":{"line":44,"column":6}},"13":{"start":{"line":45,"column":4},"end":{"line":45,"column":34}},"14":{"start":{"line":49,"column":4},"end":{"line":49,"column":43}},"15":{"start":{"line":49,"column":31},"end":{"line":49,"column":43}},"16":{"start":{"line":51,"column":28},"end":{"line":51,"column":62}},"17":{"start":{"line":52,"column":27},"end":{"line":52,"column":61}},"18":{"start":{"line":54,"column":4},"end":{"line":54,"column":45}},"19":{"start":{"line":63,"column":70},"end":{"line":63,"column":76}},"20":{"start":{"line":64,"column":39},"end":{"line":64,"column":41}},"21":{"start":{"line":66,"column":4},"end":{"line":117,"column":5}},"22":{"start":{"line":67,"column":22},"end":{"line":67,"column":59}},"23":{"start":{"line":68,"column":19},"end":{"line":68,"column":42}},"24":{"start":{"line":71,"column":6},"end":{"line":81,"column":9}},"25":{"start":{"line":72,"column":21},"end":{"line":72,"column":75}},"26":{"start":{"line":74,"column":8},"end":{"line":80,"column":9}},"27":{"start":{"line":75,"column":10},"end":{"line":79,"column":13}},"28":{"start":{"line":84,"column":6},"end":{"line":84,"column":58}},"29":{"start":{"line":87,"column":6},"end":{"line":87,"column":65}},"30":{"start":{"line":87,"column":35},"end":{"line":87,"column":63}},"31":{"start":{"line":90,"column":6},"end":{"line":90,"column":25}},"32":{"start":{"line":91,"column":6},"end":{"line":91,"column":32}},"33":{"start":{"line":94,"column":23},"end":{"line":94,"column":86}},"34":{"start":{"line":95,"column":6},"end":{"line":101,"column":7}},"35":{"start":{"line":96,"column":8},"end":{"line":96,"column":78}},"36":{"start":{"line":98,"column":8},"end":{"line":100,"column":11}},"37":{"start":{"line":99,"column":10},"end":{"line":99,"column":87}},"38":{"start":{"line":103,"column":6},"end":{"line":106,"column":8}},"39":{"start":{"line":110,"column":6},"end":{"line":110,"column":32}},"40":{"start":{"line":112,"column":27},"end":{"line":112,"column":81}},"41":{"start":{"line":113,"column":6},"end":{"line":116,"column":8}},"42":{"start":{"line":10,"column":0},"end":{"line":10,"column":13}}},"fnMap":{"0":{"name":"(anonymous_1)","decl":{"start":{"line":13,"column":10},"end":{"line":13,"column":15}},"loc":{"start":{"line":13,"column":50},"end":{"line":28,"column":3}}},"1":{"name":"(anonymous_2)","decl":{"start":{"line":30,"column":10},"end":{"line":30,"column":15}},"loc":{"start":{"line":30,"column":28},"end":{"line":35,"column":3}}},"2":{"name":"(anonymous_3)","decl":{"start":{"line":37,"column":10},"end":{"line":37,"column":26}},"loc":{"start":{"line":37,"column":40},"end":{"line":46,"column":3}}},"3":{"name":"(anonymous_4)","decl":{"start":{"line":48,"column":10},"end":{"line":48,"column":30}},"loc":{"start":{"line":48,"column":71},"end":{"line":55,"column":3}}},"4":{"name":"(anonymous_5)","decl":{"start":{"line":57,"column":2},"end":{"line":57,"column":7}},"loc":{"start":{"line":62,"column":3},"end":{"line":118,"column":3}}},"5":{"name":"(anonymous_6)","decl":{"start":{"line":71,"column":25},"end":{"line":71,"column":26}},"loc":{"start":{"line":71,"column":37},"end":{"line":81,"column":7}}},"6":{"name":"(anonymous_7)","decl":{"start":{"line":87,"column":24},"end":{"line":87,"column":31}},"loc":{"start":{"line":87,"column":35},"end":{"line":87,"column":63}}},"7":{"name":"(anonymous_8)","decl":{"start":{"line":98,"column":25},"end":{"line":98,"column":26}},"loc":{"start":{"line":98,"column":33},"end":{"line":100,"column":9}}}},"branchMap":{"0":{"loc":{"start":{"line":14,"column":4},"end":{"line":16,"column":5}},"type":"if","locations":[{"start":{"line":14,"column":4},"end":{"line":16,"column":5}}]},"1":{"loc":{"start":{"line":22,"column":4},"end":{"line":24,"column":5}},"type":"if","locations":[{"start":{"line":22,"column":4},"end":{"line":24,"column":5}}]},"2":{"loc":{"start":{"line":31,"column":4},"end":{"line":34,"column":5}},"type":"if","locations":[{"start":{"line":31,"column":4},"end":{"line":34,"column":5}}]},"3":{"loc":{"start":{"line":45,"column":11},"end":{"line":45,"column":33}},"type":"binary-expr","locations":[{"start":{"line":45,"column":11},"end":{"line":45,"column":28}},{"start":{"line":45,"column":32},"end":{"line":45,"column":33}}]},"4":{"loc":{"start":{"line":49,"column":4},"end":{"line":49,"column":43}},"type":"if","locations":[{"start":{"line":49,"column":4},"end":{"line":49,"column":43}}]},"5":{"loc":{"start":{"line":63,"column":17},"end":{"line":63,"column":31}},"type":"default-arg","locations":[{"start":{"line":63,"column":27},"end":{"line":63,"column":31}}]},"6":{"loc":{"start":{"line":63,"column":46},"end":{"line":63,"column":65}},"type":"default-arg","locations":[{"start":{"line":63,"column":60},"end":{"line":63,"column":65}}]},"7":{"loc":{"start":{"line":74,"column":8},"end":{"line":80,"column":9}},"type":"if","locations":[{"start":{"line":74,"column":8},"end":{"line":80,"column":9}}]},"8":{"loc":{"start":{"line":95,"column":6},"end":{"line":101,"column":7}},"type":"if","locations":[{"start":{"line":95,"column":6},"end":{"line":101,"column":7}},{"start":{"line":97,"column":13},"end":{"line":101,"column":7}}]},"9":{"loc":{"start":{"line":112,"column":27},"end":{"line":112,"column":81}},"type":"cond-expr","locations":[{"start":{"line":112,"column":52},"end":{"line":112,"column":65}},{"start":{"line":112,"column":68},"end":{"line":112,"column":81}}]}},"s":{"0":2,"1":7,"2":8,"3":0,"4":8,"5":8,"6":1,"7":8,"8":7,"9":13,"10":7,"11":7,"12":10,"13":10,"14":18,"15":13,"16":5,"17":5,"18":5,"19":8,"20":8,"21":8,"22":8,"23":7,"24":7,"25":18,"26":18,"27":14,"28":7,"29":4,"30":4,"31":4,"32":4,"33":4,"34":4,"35":0,"36":4,"37":14,"38":4,"39":4,"40":4,"41":4,"42":2},"f":{"0":8,"1":13,"2":10,"3":18,"4":8,"5":18,"6":4,"7":14},"b":{"0":[0],"1":[1],"2":[7],"3":[10,1],"4":[13],"5":[2],"6":[6],"7":[14],"8":[0,4],"9":[4,0]}}
,"/Users/maikmetzger/Privat/TestMcpServer/src/controllers/FilesystemController.ts": {"path":"/Users/maikmetzger/Privat/TestMcpServer/src/controllers/FilesystemController.ts","statementMap":{"0":{"start":{"line":1,"column":0},"end":{"line":1,"column":29}},"1":{"start":{"line":2,"column":0},"end":{"line":2,"column":79}},"2":{"start":{"line":3,"column":0},"end":{"line":3,"column":28}},"3":{"start":{"line":4,"column":0},"end":{"line":4,"column":38}},"4":{"start":{"line":5,"column":0},"end":{"line":5,"column":43}},"5":{"start":{"line":10,"column":25},"end":{"line":12,"column":39}},"6":{"start":{"line":15,"column":4},"end":{"line":15,"column":35}},"7":{"start":{"line":18,"column":4},"end":{"line":146,"column":5}},"8":{"start":{"line":19,"column":29},"end":{"line":19,"column":52}},"9":{"start":{"line":22,"column":6},"end":{"line":34,"column":7}},"10":{"start":{"line":23,"column":22},"end":{"line":23,"column":51}},"11":{"start":{"line":24,"column":8},"end":{"line":26,"column":9}},"12":{"start":{"line":25,"column":10},"end":{"line":25,"column":72}},"13":{"start":{"line":27,"column":8},"end":{"line":27,"column":40}},"14":{"start":{"line":29,"column":8},"end":{"line":33,"column":10}},"15":{"start":{"line":36,"column":71},"end":{"line":36,"column":73}},"16":{"start":{"line":39,"column":6},"end":{"line":117,"column":7}},"17":{"start":{"line":41,"column":22},"end":{"line":45,"column":10}},"18":{"start":{"line":47,"column":8},"end":{"line":49,"column":33}},"19":{"start":{"line":47,"column":37},"end":{"line":49,"column":10}},"20":{"start":{"line":52,"column":11},"end":{"line":117,"column":7}},"21":{"start":{"line":53,"column":22},"end":{"line":53,"column":46}},"22":{"start":{"line":56,"column":25},"end":{"line":60,"column":10}},"23":{"start":{"line":63,"column":36},"end":{"line":63,"column":38}},"24":{"start":{"line":65,"column":8},"end":{"line":82,"column":9}},"25":{"start":{"line":66,"column":10},"end":{"line":81,"column":11}},"26":{"start":{"line":67,"column":26},"end":{"line":67,"column":45}},"27":{"start":{"line":70,"column":12},"end":{"line":70,"column":56}},"28":{"start":{"line":70,"column":47},"end":{"line":70,"column":56}},"29":{"start":{"line":73,"column":30},"end":{"line":73,"column":57}},"30":{"start":{"line":74,"column":37},"end":{"line":74,"column":124}},"31":{"start":{"line":75,"column":12},"end":{"line":75,"column":63}},"32":{"start":{"line":75,"column":54},"end":{"line":75,"column":63}},"33":{"start":{"line":77,"column":12},"end":{"line":77,"column":33}},"34":{"start":{"line":80,"column":12},"end":{"line":80,"column":21}},"35":{"start":{"line":85,"column":8},"end":{"line":114,"column":9}},"36":{"start":{"line":86,"column":10},"end":{"line":86,"column":59}},"37":{"start":{"line":86,"column":53},"end":{"line":86,"column":59}},"38":{"start":{"line":88,"column":10},"end":{"line":113,"column":11}},"39":{"start":{"line":89,"column":31},"end":{"line":89,"column":75}},"40":{"start":{"line":90,"column":23},"end":{"line":93,"column":14}},"41":{"start":{"line":95,"column":29},"end":{"line":95,"column":30}},"42":{"start":{"line":96,"column":12},"end":{"line":110,"column":13}},"43":{"start":{"line":97,"column":14},"end":{"line":97,"column":27}},"44":{"start":{"line":98,"column":14},"end":{"line":109,"column":15}},"45":{"start":{"line":100,"column":16},"end":{"line":103,"column":19}},"46":{"start":{"line":105,"column":16},"end":{"line":108,"column":17}},"47":{"start":{"line":106,"column":18},"end":{"line":106,"column":29}},"48":{"start":{"line":107,"column":18},"end":{"line":107,"column":24}},"49":{"start":{"line":112,"column":12},"end":{"line":112,"column":64}},"50":{"start":{"line":116,"column":8},"end":{"line":116,"column":95}},"51":{"start":{"line":119,"column":6},"end":{"line":133,"column":8}},"52":{"start":{"line":135,"column":6},"end":{"line":145,"column":8}},"53":{"start":{"line":150,"column":4},"end":{"line":261,"column":5}},"54":{"start":{"line":151,"column":29},"end":{"line":151,"column":55}},"55":{"start":{"line":154,"column":6},"end":{"line":166,"column":7}},"56":{"start":{"line":155,"column":22},"end":{"line":155,"column":51}},"57":{"start":{"line":156,"column":8},"end":{"line":158,"column":9}},"58":{"start":{"line":157,"column":10},"end":{"line":157,"column":72}},"59":{"start":{"line":159,"column":8},"end":{"line":159,"column":40}},"60":{"start":{"line":161,"column":8},"end":{"line":165,"column":10}},"61":{"start":{"line":173,"column":8},"end":{"line":173,"column":35}},"62":{"start":{"line":173,"column":25},"end":{"line":173,"column":35}},"63":{"start":{"line":175,"column":8},"end":{"line":241,"column":9}},"64":{"start":{"line":176,"column":24},"end":{"line":176,"column":53}},"65":{"start":{"line":179,"column":32},"end":{"line":180,"column":null}},"66":{"start":{"line":180,"column":22},"end":{"line":180,"column":68}},"67":{"start":{"line":184,"column":28},"end":{"line":189,"column":null}},"68":{"start":{"line":186,"column":31},"end":{"line":186,"column":54}},"69":{"start":{"line":187,"column":28},"end":{"line":187,"column":51}},"70":{"start":{"line":188,"column":14},"end":{"line":188,"column":64}},"71":{"start":{"line":193,"column":30},"end":{"line":201,"column":null}},"72":{"start":{"line":198,"column":14},"end":{"line":198,"column":61}},"73":{"start":{"line":198,"column":51},"end":{"line":198,"column":61}},"74":{"start":{"line":199,"column":14},"end":{"line":199,"column":60}},"75":{"start":{"line":199,"column":51},"end":{"line":199,"column":60}},"76":{"start":{"line":200,"column":14},"end":{"line":200,"column":50}},"77":{"start":{"line":203,"column":30},"end":{"line":203,"column":78}},"78":{"start":{"line":203,"column":71},"end":{"line":203,"column":77}},"79":{"start":{"line":205,"column":23},"end":{"line":230,"column":null}},"80":{"start":{"line":207,"column":31},"end":{"line":207,"column":54}},"81":{"start":{"line":208,"column":14},"end":{"line":229,"column":15}},"82":{"start":{"line":209,"column":30},"end":{"line":209,"column":53}},"83":{"start":{"line":210,"column":30},"end":{"line":210,"column":49}},"84":{"start":{"line":211,"column":37},"end":{"line":211,"column":71}},"85":{"start":{"line":213,"column":16},"end":{"line":221,"column":18}},"86":{"start":{"line":223,"column":16},"end":{"line":227,"column":18}},"87":{"start":{"line":228,"column":16},"end":{"line":228,"column":28}},"88":{"start":{"line":233,"column":10},"end":{"line":233,"column":38}},"89":{"start":{"line":235,"column":10},"end":{"line":239,"column":12}},"90":{"start":{"line":240,"column":10},"end":{"line":240,"column":20}},"91":{"start":{"line":244,"column":19},"end":{"line":244,"column":50}},"92":{"start":{"line":245,"column":6},"end":{"line":248,"column":8}},"93":{"start":{"line":250,"column":6},"end":{"line":260,"column":8}},"94":{"start":{"line":265,"column":4},"end":{"line":357,"column":5}},"95":{"start":{"line":267,"column":29},"end":{"line":267,"column":52}},"96":{"start":{"line":270,"column":6},"end":{"line":282,"column":7}},"97":{"start":{"line":271,"column":22},"end":{"line":271,"column":51}},"98":{"start":{"line":272,"column":8},"end":{"line":274,"column":9}},"99":{"start":{"line":273,"column":10},"end":{"line":273,"column":67}},"100":{"start":{"line":275,"column":8},"end":{"line":275,"column":40}},"101":{"start":{"line":277,"column":8},"end":{"line":281,"column":10}},"102":{"start":{"line":285,"column":24},"end":{"line":285,"column":61}},"103":{"start":{"line":286,"column":31},"end":{"line":286,"column":118}},"104":{"start":{"line":287,"column":6},"end":{"line":297,"column":7}},"105":{"start":{"line":288,"column":8},"end":{"line":296,"column":10}},"106":{"start":{"line":300,"column":20},"end":{"line":300,"column":49}},"107":{"start":{"line":301,"column":23},"end":{"line":301,"column":39}},"108":{"start":{"line":302,"column":6},"end":{"line":312,"column":7}},"109":{"start":{"line":303,"column":8},"end":{"line":311,"column":10}},"110":{"start":{"line":315,"column":25},"end":{"line":315,"column":79}},"111":{"start":{"line":316,"column":17},"end":{"line":319,"column":8}},"112":{"start":{"line":321,"column":22},"end":{"line":321,"column":23}},"113":{"start":{"line":322,"column":24},"end":{"line":322,"column":26}},"114":{"start":{"line":323,"column":22},"end":{"line":323,"column":42}},"115":{"start":{"line":325,"column":6},"end":{"line":334,"column":7}},"116":{"start":{"line":326,"column":8},"end":{"line":328,"column":9}},"117":{"start":{"line":327,"column":10},"end":{"line":327,"column":37}},"118":{"start":{"line":330,"column":8},"end":{"line":330,"column":20}},"119":{"start":{"line":331,"column":8},"end":{"line":333,"column":9}},"120":{"start":{"line":332,"column":10},"end":{"line":332,"column":16}},"121":{"start":{"line":336,"column":6},"end":{"line":344,"column":8}},"122":{"start":{"line":346,"column":6},"end":{"line":356,"column":8}},"123":{"start":{"line":361,"column":0},"end":{"line":361,"column":36}}},"fnMap":{"0":{"name":"(anonymous_1)","decl":{"start":{"line":8,"column":10},"end":{"line":8,"column":22}},"loc":{"start":{"line":8,"column":38},"end":{"line":16,"column":3}}},"1":{"name":"(anonymous_2)","decl":{"start":{"line":17,"column":2},"end":{"line":17,"column":7}},"loc":{"start":{"line":17,"column":95},"end":{"line":147,"column":3}}},"2":{"name":"(anonymous_3)","decl":{"start":{"line":47,"column":28},"end":{"line":47,"column":32}},"loc":{"start":{"line":47,"column":37},"end":{"line":49,"column":10}}},"3":{"name":"(anonymous_4)","decl":{"start":{"line":149,"column":2},"end":{"line":149,"column":7}},"loc":{"start":{"line":149,"column":34},"end":{"line":262,"column":3}}},"4":{"name":"buildTree","decl":{"start":{"line":169,"column":21},"end":{"line":169,"column":30}},"loc":{"start":{"line":171,"column":25},"end":{"line":242,"column":7}}},"5":{"name":"(anonymous_6)","decl":{"start":{"line":180,"column":12},"end":{"line":180,"column":13}},"loc":{"start":{"line":180,"column":22},"end":{"line":180,"column":68}}},"6":{"name":"(anonymous_7)","decl":{"start":{"line":185,"column":30},"end":{"line":185,"column":35}},"loc":{"start":{"line":185,"column":45},"end":{"line":189,"column":13}}},"7":{"name":"(anonymous_8)","decl":{"start":{"line":194,"column":12},"end":{"line":194,"column":null}},"loc":{"start":{"line":197,"column":16},"end":{"line":201,"column":13}}},"8":{"name":"(anonymous_9)","decl":{"start":{"line":203,"column":46},"end":{"line":203,"column":47}},"loc":{"start":{"line":203,"column":71},"end":{"line":203,"column":77}}},"9":{"name":"(anonymous_10)","decl":{"start":{"line":206,"column":28},"end":{"line":206,"column":33}},"loc":{"start":{"line":206,"column":43},"end":{"line":230,"column":13}}},"10":{"name":"(anonymous_11)","decl":{"start":{"line":264,"column":2},"end":{"line":264,"column":7}},"loc":{"start":{"line":264,"column":79},"end":{"line":358,"column":3}}}},"branchMap":{"0":{"loc":{"start":{"line":10,"column":25},"end":{"line":12,"column":39}},"type":"cond-expr","locations":[{"start":{"line":11,"column":8},"end":{"line":11,"column":15}},{"start":{"line":12,"column":8},"end":{"line":12,"column":39}}]},"1":{"loc":{"start":{"line":17,"column":72},"end":{"line":17,"column":95}},"type":"default-arg","locations":[{"start":{"line":17,"column":93},"end":{"line":17,"column":95}}]},"2":{"loc":{"start":{"line":24,"column":8},"end":{"line":26,"column":9}},"type":"if","locations":[{"start":{"line":24,"column":8},"end":{"line":26,"column":9}}]},"3":{"loc":{"start":{"line":31,"column":12},"end":{"line":31,"column":null}},"type":"binary-expr","locations":[{"start":{"line":31,"column":12},"end":{"line":31,"column":26}},{"start":{"line":31,"column":30},"end":{"line":31,"column":null}}]},"4":{"loc":{"start":{"line":39,"column":6},"end":{"line":117,"column":7}},"type":"if","locations":[{"start":{"line":39,"column":6},"end":{"line":117,"column":7}},{"start":{"line":52,"column":11},"end":{"line":117,"column":7}}]},"5":{"loc":{"start":{"line":52,"column":11},"end":{"line":117,"column":7}},"type":"if","locations":[{"start":{"line":52,"column":11},"end":{"line":117,"column":7}},{"start":{"line":115,"column":13},"end":{"line":117,"column":7}}]},"6":{"loc":{"start":{"line":70,"column":12},"end":{"line":70,"column":56}},"type":"if","locations":[{"start":{"line":70,"column":12},"end":{"line":70,"column":56}}]},"7":{"loc":{"start":{"line":75,"column":12},"end":{"line":75,"column":63}},"type":"if","locations":[{"start":{"line":75,"column":12},"end":{"line":75,"column":63}}]},"8":{"loc":{"start":{"line":86,"column":10},"end":{"line":86,"column":59}},"type":"if","locations":[{"start":{"line":86,"column":10},"end":{"line":86,"column":59}}]},"9":{"loc":{"start":{"line":86,"column":14},"end":{"line":86,"column":51}},"type":"binary-expr","locations":[{"start":{"line":86,"column":14},"end":{"line":86,"column":19}},{"start":{"line":86,"column":23},"end":{"line":86,"column":51}}]},"10":{"loc":{"start":{"line":98,"column":14},"end":{"line":109,"column":15}},"type":"if","locations":[{"start":{"line":98,"column":14},"end":{"line":109,"column":15}}]},"11":{"loc":{"start":{"line":105,"column":16},"end":{"line":108,"column":17}},"type":"if","locations":[{"start":{"line":105,"column":16},"end":{"line":108,"column":17}}]},"12":{"loc":{"start":{"line":140,"column":14},"end":{"line":140,"column":null}},"type":"binary-expr","locations":[{"start":{"line":140,"column":14},"end":{"line":140,"column":28}},{"start":{"line":140,"column":32},"end":{"line":140,"column":null}}]},"13":{"loc":{"start":{"line":156,"column":8},"end":{"line":158,"column":9}},"type":"if","locations":[{"start":{"line":156,"column":8},"end":{"line":158,"column":9}}]},"14":{"loc":{"start":{"line":163,"column":12},"end":{"line":163,"column":null}},"type":"binary-expr","locations":[{"start":{"line":163,"column":12},"end":{"line":163,"column":26}},{"start":{"line":163,"column":30},"end":{"line":163,"column":null}}]},"15":{"loc":{"start":{"line":171,"column":8},"end":{"line":171,"column":25}},"type":"default-arg","locations":[{"start":{"line":171,"column":24},"end":{"line":171,"column":25}}]},"16":{"loc":{"start":{"line":173,"column":8},"end":{"line":173,"column":35}},"type":"if","locations":[{"start":{"line":173,"column":8},"end":{"line":173,"column":35}}]},"17":{"loc":{"start":{"line":180,"column":22},"end":{"line":180,"column":68}},"type":"binary-expr","locations":[{"start":{"line":180,"column":22},"end":{"line":180,"column":43}},{"start":{"line":180,"column":47},"end":{"line":180,"column":68}}]},"18":{"loc":{"start":{"line":198,"column":14},"end":{"line":198,"column":61}},"type":"if","locations":[{"start":{"line":198,"column":14},"end":{"line":198,"column":61}}]},"19":{"loc":{"start":{"line":198,"column":18},"end":{"line":198,"column":49}},"type":"binary-expr","locations":[{"start":{"line":198,"column":18},"end":{"line":198,"column":31}},{"start":{"line":198,"column":35},"end":{"line":198,"column":49}}]},"20":{"loc":{"start":{"line":199,"column":14},"end":{"line":199,"column":60}},"type":"if","locations":[{"start":{"line":199,"column":14},"end":{"line":199,"column":60}}]},"21":{"loc":{"start":{"line":199,"column":18},"end":{"line":199,"column":49}},"type":"binary-expr","locations":[{"start":{"line":199,"column":18},"end":{"line":199,"column":32}},{"start":{"line":199,"column":36},"end":{"line":199,"column":49}}]},"22":{"loc":{"start":{"line":216,"column":24},"end":{"line":216,"column":52}},"type":"cond-expr","locations":[{"start":{"line":216,"column":32},"end":{"line":216,"column":43}},{"start":{"line":216,"column":46},"end":{"line":216,"column":52}}]},"23":{"loc":{"start":{"line":218,"column":28},"end":{"line":220,"column":31}},"type":"cond-expr","locations":[{"start":{"line":219,"column":22},"end":{"line":219,"column":58}},{"start":{"line":220,"column":22},"end":{"line":220,"column":31}}]},"24":{"loc":{"start":{"line":225,"column":20},"end":{"line":225,"column":null}},"type":"binary-expr","locations":[{"start":{"line":225,"column":20},"end":{"line":225,"column":34}},{"start":{"line":225,"column":38},"end":{"line":225,"column":null}}]},"25":{"loc":{"start":{"line":237,"column":14},"end":{"line":237,"column":null}},"type":"binary-expr","locations":[{"start":{"line":237,"column":14},"end":{"line":237,"column":28}},{"start":{"line":237,"column":32},"end":{"line":237,"column":null}}]},"26":{"loc":{"start":{"line":255,"column":14},"end":{"line":255,"column":null}},"type":"binary-expr","locations":[{"start":{"line":255,"column":14},"end":{"line":255,"column":28}},{"start":{"line":255,"column":32},"end":{"line":255,"column":null}}]},"27":{"loc":{"start":{"line":264,"column":33},"end":{"line":264,"column":56}},"type":"default-arg","locations":[{"start":{"line":264,"column":52},"end":{"line":264,"column":56}}]},"28":{"loc":{"start":{"line":264,"column":58},"end":{"line":264,"column":79}},"type":"default-arg","locations":[{"start":{"line":264,"column":78},"end":{"line":264,"column":79}}]},"29":{"loc":{"start":{"line":272,"column":8},"end":{"line":274,"column":9}},"type":"if","locations":[{"start":{"line":272,"column":8},"end":{"line":274,"column":9}}]},"30":{"loc":{"start":{"line":279,"column":12},"end":{"line":279,"column":null}},"type":"binary-expr","locations":[{"start":{"line":279,"column":12},"end":{"line":279,"column":26}},{"start":{"line":279,"column":30},"end":{"line":279,"column":null}}]},"31":{"loc":{"start":{"line":287,"column":6},"end":{"line":297,"column":7}},"type":"if","locations":[{"start":{"line":287,"column":6},"end":{"line":297,"column":7}}]},"32":{"loc":{"start":{"line":302,"column":6},"end":{"line":312,"column":7}},"type":"if","locations":[{"start":{"line":302,"column":6},"end":{"line":312,"column":7}}]},"33":{"loc":{"start":{"line":326,"column":8},"end":{"line":328,"column":9}},"type":"if","locations":[{"start":{"line":326,"column":8},"end":{"line":328,"column":9}}]},"34":{"loc":{"start":{"line":326,"column":12},"end":{"line":326,"column":57}},"type":"binary-expr","locations":[{"start":{"line":326,"column":12},"end":{"line":326,"column":34}},{"start":{"line":326,"column":38},"end":{"line":326,"column":57}}]},"35":{"loc":{"start":{"line":331,"column":8},"end":{"line":333,"column":9}},"type":"if","locations":[{"start":{"line":331,"column":8},"end":{"line":333,"column":9}}]},"36":{"loc":{"start":{"line":351,"column":14},"end":{"line":351,"column":null}},"type":"binary-expr","locations":[{"start":{"line":351,"column":14},"end":{"line":351,"column":28}},{"start":{"line":351,"column":32},"end":{"line":351,"column":null}}]}},"s":{"0":4,"1":4,"2":4,"3":4,"4":4,"5":11,"6":11,"7":4,"8":4,"9":4,"10":4,"11":3,"12":0,"13":3,"14":1,"15":3,"16":3,"17":1,"18":1,"19":2,"20":2,"21":2,"22":2,"23":2,"24":2,"25":10,"26":10,"27":10,"28":0,"29":10,"30":10,"31":10,"32":0,"33":10,"34":0,"35":2,"36":10,"37":0,"38":10,"39":10,"40":10,"41":10,"42":10,"43":10,"44":10,"45":2,"46":2,"47":0,"48":0,"49":0,"50":0,"51":3,"52":1,"53":3,"54":3,"55":3,"56":3,"57":2,"58":0,"59":2,"60":1,"61":6,"62":0,"63":6,"64":6,"65":6,"66":12,"67":6,"68":12,"69":12,"70":12,"71":6,"72":6,"73":0,"74":6,"75":4,"76":2,"77":6,"78":12,"79":6,"80":12,"81":12,"82":12,"83":12,"84":12,"85":12,"86":0,"87":0,"88":6,"89":0,"90":0,"91":2,"92":2,"93":1,"94":4,"95":4,"96":4,"97":4,"98":3,"99":0,"100":3,"101":1,"102":3,"103":3,"104":3,"105":0,"106":3,"107":3,"108":3,"109":0,"110":3,"111":3,"112":3,"113":3,"114":3,"115":3,"116":11,"117":9,"118":11,"119":11,"120":2,"121":3,"122":1,"123":4},"f":{"0":11,"1":4,"2":2,"3":3,"4":6,"5":12,"6":12,"7":6,"8":12,"9":12,"10":4},"b":{"0":[11,0],"1":[3],"2":[0],"3":[1,0],"4":[1,2],"5":[2,0],"6":[0],"7":[0],"8":[0],"9":[10,10],"10":[2],"11":[0],"12":[1,0],"13":[0],"14":[1,0],"15":[2],"16":[0],"17":[12,0],"18":[0],"19":[6,0],"20":[4],"21":[6,6],"22":[4,8],"23":[4,8],"24":[0,0],"25":[0,0],"26":[1,0],"27":[2],"28":[3],"29":[0],"30":[1,0],"31":[0],"32":[0],"33":[9],"34":[11,9],"35":[2],"36":[1,0]}}
,"/Users/maikmetzger/Privat/TestMcpServer/src/controllers/ImageController.ts": {"path":"/Users/maikmetzger/Privat/TestMcpServer/src/controllers/ImageController.ts","statementMap":{"0":{"start":{"line":1,"column":0},"end":{"line":1,"column":26}},"1":{"start":{"line":2,"column":0},"end":{"line":2,"column":29}},"2":{"start":{"line":3,"column":0},"end":{"line":3,"column":24}},"3":{"start":{"line":4,"column":0},"end":{"line":4,"column":31}},"4":{"start":{"line":8,"column":4},"end":{"line":30,"column":5}},"5":{"start":{"line":10,"column":6},"end":{"line":10,"column":49}},"6":{"start":{"line":13,"column":23},"end":{"line":13,"column":56}},"7":{"start":{"line":14,"column":6},"end":{"line":16,"column":7}},"8":{"start":{"line":15,"column":8},"end":{"line":15,"column":68}},"9":{"start":{"line":18,"column":6},"end":{"line":28,"column":7}},"10":{"start":{"line":22,"column":8},"end":{"line":22,"column":77}},"11":{"start":{"line":23,"column":13},"end":{"line":28,"column":7}},"12":{"start":{"line":27,"column":8},"end":{"line":27,"column":75}},"13":{"start":{"line":29,"column":6},"end":{"line":29,"column":18}},"14":{"start":{"line":34,"column":4},"end":{"line":36,"column":5}},"15":{"start":{"line":35,"column":6},"end":{"line":35,"column":50}},"16":{"start":{"line":37,"column":4},"end":{"line":39,"column":5}},"17":{"start":{"line":38,"column":6},"end":{"line":38,"column":59}},"18":{"start":{"line":43,"column":22},"end":{"line":43,"column":46}},"19":{"start":{"line":44,"column":4},"end":{"line":53,"column":5}},"20":{"start":{"line":45,"column":6},"end":{"line":45,"column":49}},"21":{"start":{"line":48,"column":6},"end":{"line":52,"column":7}},"22":{"start":{"line":49,"column":8},"end":{"line":49,"column":55}},"23":{"start":{"line":51,"column":8},"end":{"line":51,"column":72}},"24":{"start":{"line":62,"column":4},"end":{"line":126,"column":5}},"25":{"start":{"line":64,"column":6},"end":{"line":66,"column":7}},"26":{"start":{"line":65,"column":8},"end":{"line":65,"column":50}},"27":{"start":{"line":67,"column":6},"end":{"line":69,"column":7}},"28":{"start":{"line":68,"column":8},"end":{"line":68,"column":53}},"29":{"start":{"line":71,"column":6},"end":{"line":71,"column":36}},"30":{"start":{"line":72,"column":6},"end":{"line":72,"column":46}},"31":{"start":{"line":75,"column":6},"end":{"line":81,"column":7}},"32":{"start":{"line":76,"column":27},"end":{"line":76,"column":48}},"33":{"start":{"line":77,"column":8},"end":{"line":80,"column":10}},"34":{"start":{"line":83,"column":6},"end":{"line":83,"column":57}},"35":{"start":{"line":86,"column":26},"end":{"line":88,"column":19}},"36":{"start":{"line":91,"column":6},"end":{"line":91,"column":50}},"37":{"start":{"line":94,"column":25},"end":{"line":94,"column":49}},"38":{"start":{"line":95,"column":26},"end":{"line":95,"column":51}},"39":{"start":{"line":96,"column":31},"end":{"line":99,"column":18}},"40":{"start":{"line":101,"column":6},"end":{"line":113,"column":8}},"41":{"start":{"line":115,"column":6},"end":{"line":125,"column":8}},"42":{"start":{"line":137,"column":4},"end":{"line":212,"column":5}},"43":{"start":{"line":139,"column":6},"end":{"line":141,"column":7}},"44":{"start":{"line":140,"column":8},"end":{"line":140,"column":50}},"45":{"start":{"line":142,"column":6},"end":{"line":144,"column":7}},"46":{"start":{"line":143,"column":8},"end":{"line":143,"column":59}},"47":{"start":{"line":145,"column":6},"end":{"line":147,"column":7}},"48":{"start":{"line":146,"column":8},"end":{"line":146,"column":72}},"49":{"start":{"line":148,"column":6},"end":{"line":150,"column":7}},"50":{"start":{"line":149,"column":8},"end":{"line":149,"column":38}},"51":{"start":{"line":152,"column":6},"end":{"line":152,"column":46}},"52":{"start":{"line":155,"column":6},"end":{"line":162,"column":7}},"53":{"start":{"line":156,"column":27},"end":{"line":156,"column":48}},"54":{"start":{"line":157,"column":26},"end":{"line":157,"column":69}},"55":{"start":{"line":158,"column":8},"end":{"line":161,"column":10}},"56":{"start":{"line":164,"column":6},"end":{"line":164,"column":57}},"57":{"start":{"line":167,"column":21},"end":{"line":167,"column":59}},"58":{"start":{"line":170,"column":6},"end":{"line":172,"column":7}},"59":{"start":{"line":171,"column":8},"end":{"line":171,"column":79}},"60":{"start":{"line":175,"column":26},"end":{"line":175,"column":51}},"61":{"start":{"line":176,"column":6},"end":{"line":176,"column":50}},"62":{"start":{"line":179,"column":25},"end":{"line":179,"column":49}},"63":{"start":{"line":180,"column":26},"end":{"line":180,"column":51}},"64":{"start":{"line":181,"column":35},"end":{"line":184,"column":18}},"65":{"start":{"line":186,"column":6},"end":{"line":199,"column":8}},"66":{"start":{"line":201,"column":6},"end":{"line":211,"column":8}},"67":{"start":{"line":216,"column":0},"end":{"line":216,"column":31}}},"fnMap":{"0":{"name":"(anonymous_1)","decl":{"start":{"line":7,"column":10},"end":{"line":7,"column":15}},"loc":{"start":{"line":7,"column":51},"end":{"line":31,"column":3}}},"1":{"name":"(anonymous_2)","decl":{"start":{"line":33,"column":10},"end":{"line":33,"column":25}},"loc":{"start":{"line":33,"column":41},"end":{"line":40,"column":3}}},"2":{"name":"(anonymous_3)","decl":{"start":{"line":42,"column":10},"end":{"line":42,"column":15}},"loc":{"start":{"line":42,"column":62},"end":{"line":54,"column":3}}},"3":{"name":"(anonymous_4)","decl":{"start":{"line":56,"column":2},"end":{"line":56,"column":7}},"loc":{"start":{"line":60,"column":23},"end":{"line":127,"column":3}}},"4":{"name":"(anonymous_5)","decl":{"start":{"line":129,"column":2},"end":{"line":129,"column":7}},"loc":{"start":{"line":135,"column":20},"end":{"line":213,"column":3}}}},"branchMap":{"0":{"loc":{"start":{"line":14,"column":6},"end":{"line":16,"column":7}},"type":"if","locations":[{"start":{"line":14,"column":6},"end":{"line":16,"column":7}}]},"1":{"loc":{"start":{"line":18,"column":6},"end":{"line":28,"column":7}},"type":"if","locations":[{"start":{"line":18,"column":6},"end":{"line":28,"column":7}},{"start":{"line":23,"column":13},"end":{"line":28,"column":7}}]},"2":{"loc":{"start":{"line":19,"column":8},"end":{"line":20,"column":55}},"type":"binary-expr","locations":[{"start":{"line":19,"column":8},"end":{"line":19,"column":30}},{"start":{"line":20,"column":8},"end":{"line":20,"column":55}}]},"3":{"loc":{"start":{"line":23,"column":13},"end":{"line":28,"column":7}},"type":"if","locations":[{"start":{"line":23,"column":13},"end":{"line":28,"column":7}}]},"4":{"loc":{"start":{"line":24,"column":8},"end":{"line":25,"column":58}},"type":"binary-expr","locations":[{"start":{"line":24,"column":8},"end":{"line":24,"column":30}},{"start":{"line":25,"column":8},"end":{"line":25,"column":58}}]},"5":{"loc":{"start":{"line":34,"column":4},"end":{"line":36,"column":5}},"type":"if","locations":[{"start":{"line":34,"column":4},"end":{"line":36,"column":5}}]},"6":{"loc":{"start":{"line":37,"column":4},"end":{"line":39,"column":5}},"type":"if","locations":[{"start":{"line":37,"column":4},"end":{"line":39,"column":5}}]},"7":{"loc":{"start":{"line":37,"column":8},"end":{"line":37,"column":36}},"type":"binary-expr","locations":[{"start":{"line":37,"column":8},"end":{"line":37,"column":19}},{"start":{"line":37,"column":23},"end":{"line":37,"column":36}}]},"8":{"loc":{"start":{"line":64,"column":6},"end":{"line":66,"column":7}},"type":"if","locations":[{"start":{"line":64,"column":6},"end":{"line":66,"column":7}}]},"9":{"loc":{"start":{"line":67,"column":6},"end":{"line":69,"column":7}},"type":"if","locations":[{"start":{"line":67,"column":6},"end":{"line":69,"column":7}}]},"10":{"loc":{"start":{"line":75,"column":6},"end":{"line":81,"column":7}},"type":"if","locations":[{"start":{"line":75,"column":6},"end":{"line":81,"column":7}}]},"11":{"loc":{"start":{"line":120,"column":14},"end":{"line":120,"column":null}},"type":"cond-expr","locations":[{"start":{"line":120,"column":39},"end":{"line":120,"column":52}},{"start":{"line":120,"column":55},"end":{"line":120,"column":null}}]},"12":{"loc":{"start":{"line":139,"column":6},"end":{"line":141,"column":7}},"type":"if","locations":[{"start":{"line":139,"column":6},"end":{"line":141,"column":7}}]},"13":{"loc":{"start":{"line":142,"column":6},"end":{"line":144,"column":7}},"type":"if","locations":[{"start":{"line":142,"column":6},"end":{"line":144,"column":7}}]},"14":{"loc":{"start":{"line":142,"column":10},"end":{"line":142,"column":59}},"type":"binary-expr","locations":[{"start":{"line":142,"column":10},"end":{"line":142,"column":16}},{"start":{"line":142,"column":20},"end":{"line":142,"column":45}},{"start":{"line":142,"column":49},"end":{"line":142,"column":59}}]},"15":{"loc":{"start":{"line":145,"column":6},"end":{"line":147,"column":7}},"type":"if","locations":[{"start":{"line":145,"column":6},"end":{"line":147,"column":7}}]},"16":{"loc":{"start":{"line":145,"column":10},"end":{"line":145,"column":77}},"type":"binary-expr","locations":[{"start":{"line":145,"column":10},"end":{"line":145,"column":30}},{"start":{"line":145,"column":35},"end":{"line":145,"column":61}},{"start":{"line":145,"column":65},"end":{"line":145,"column":76}}]},"17":{"loc":{"start":{"line":148,"column":6},"end":{"line":150,"column":7}},"type":"if","locations":[{"start":{"line":148,"column":6},"end":{"line":150,"column":7}}]},"18":{"loc":{"start":{"line":155,"column":6},"end":{"line":162,"column":7}},"type":"if","locations":[{"start":{"line":155,"column":6},"end":{"line":162,"column":7}}]},"19":{"loc":{"start":{"line":157,"column":26},"end":{"line":157,"column":69}},"type":"binary-expr","locations":[{"start":{"line":157,"column":26},"end":{"line":157,"column":38}},{"start":{"line":157,"column":42},"end":{"line":157,"column":69}}]},"20":{"loc":{"start":{"line":160,"column":41},"end":{"line":160,"column":57}},"type":"binary-expr","locations":[{"start":{"line":160,"column":41},"end":{"line":160,"column":47}},{"start":{"line":160,"column":51},"end":{"line":160,"column":57}}]},"21":{"loc":{"start":{"line":170,"column":6},"end":{"line":172,"column":7}},"type":"if","locations":[{"start":{"line":170,"column":6},"end":{"line":172,"column":7}}]},"22":{"loc":{"start":{"line":171,"column":62},"end":{"line":171,"column":75}},"type":"binary-expr","locations":[{"start":{"line":171,"column":62},"end":{"line":171,"column":69}},{"start":{"line":171,"column":73},"end":{"line":171,"column":75}}]},"23":{"loc":{"start":{"line":194,"column":23},"end":{"line":194,"column":39}},"type":"binary-expr","locations":[{"start":{"line":194,"column":23},"end":{"line":194,"column":29}},{"start":{"line":194,"column":33},"end":{"line":194,"column":39}}]},"24":{"loc":{"start":{"line":206,"column":14},"end":{"line":206,"column":null}},"type":"cond-expr","locations":[{"start":{"line":206,"column":39},"end":{"line":206,"column":52}},{"start":{"line":206,"column":55},"end":{"line":206,"column":null}}]}},"s":{"0":3,"1":3,"2":3,"3":3,"4":5,"5":5,"6":3,"7":3,"8":0,"9":2,"10":0,"11":2,"12":0,"13":2,"14":4,"15":1,"16":3,"17":0,"18":3,"19":3,"20":3,"21":0,"22":0,"23":0,"24":4,"25":4,"26":0,"27":4,"28":0,"29":4,"30":3,"31":2,"32":0,"33":0,"34":2,"35":2,"36":2,"37":2,"38":2,"39":2,"40":2,"41":2,"42":3,"43":3,"44":0,"45":3,"46":1,"47":2,"48":0,"49":2,"50":0,"51":2,"52":1,"53":0,"54":0,"55":0,"56":1,"57":1,"58":1,"59":0,"60":1,"61":1,"62":1,"63":1,"64":1,"65":1,"66":2,"67":3},"f":{"0":5,"1":4,"2":3,"3":4,"4":3},"b":{"0":[0],"1":[0,2],"2":[2,0],"3":[0],"4":[2,0],"5":[1],"6":[0],"7":[3,3],"8":[0],"9":[0],"10":[0],"11":[1,1],"12":[0],"13":[1],"14":[3,3,2],"15":[0],"16":[2,2,2],"17":[0],"18":[0],"19":[0,0],"20":[0,0],"21":[0],"22":[0,0],"23":[1,0],"24":[1,1]}}
,"/Users/maikmetzger/Privat/TestMcpServer/src/controllers/MathsController.ts": {"path":"/Users/maikmetzger/Privat/TestMcpServer/src/controllers/MathsController.ts","statementMap":{"0":{"start":{"line":3,"column":4},"end":{"line":16,"column":5}},"1":{"start":{"line":3,"column":17},"end":{"line":3,"column":18}},"2":{"start":{"line":4,"column":20},"end":{"line":4,"column":27}},"3":{"start":{"line":5,"column":6},"end":{"line":7,"column":7}},"4":{"start":{"line":6,"column":8},"end":{"line":6,"column":69}},"5":{"start":{"line":8,"column":6},"end":{"line":10,"column":7}},"6":{"start":{"line":9,"column":8},"end":{"line":9,"column":75}},"7":{"start":{"line":11,"column":6},"end":{"line":15,"column":7}},"8":{"start":{"line":12,"column":8},"end":{"line":14,"column":10}},"9":{"start":{"line":20,"column":4},"end":{"line":50,"column":5}},"10":{"start":{"line":21,"column":6},"end":{"line":21,"column":39}},"11":{"start":{"line":22,"column":21},"end":{"line":22,"column":26}},"12":{"start":{"line":25,"column":6},"end":{"line":27,"column":7}},"13":{"start":{"line":26,"column":8},"end":{"line":26,"column":69}},"14":{"start":{"line":29,"column":6},"end":{"line":37,"column":8}},"15":{"start":{"line":39,"column":6},"end":{"line":49,"column":8}},"16":{"start":{"line":54,"column":4},"end":{"line":84,"column":5}},"17":{"start":{"line":55,"column":6},"end":{"line":55,"column":39}},"18":{"start":{"line":56,"column":21},"end":{"line":56,"column":26}},"19":{"start":{"line":59,"column":6},"end":{"line":61,"column":7}},"20":{"start":{"line":60,"column":8},"end":{"line":60,"column":69}},"21":{"start":{"line":63,"column":6},"end":{"line":71,"column":8}},"22":{"start":{"line":73,"column":6},"end":{"line":83,"column":8}},"23":{"start":{"line":88,"column":4},"end":{"line":123,"column":5}},"24":{"start":{"line":89,"column":6},"end":{"line":89,"column":39}},"25":{"start":{"line":91,"column":6},"end":{"line":93,"column":7}},"26":{"start":{"line":92,"column":8},"end":{"line":92,"column":59}},"27":{"start":{"line":95,"column":21},"end":{"line":95,"column":26}},"28":{"start":{"line":98,"column":6},"end":{"line":100,"column":7}},"29":{"start":{"line":99,"column":8},"end":{"line":99,"column":69}},"30":{"start":{"line":102,"column":6},"end":{"line":110,"column":8}},"31":{"start":{"line":112,"column":6},"end":{"line":122,"column":8}},"32":{"start":{"line":127,"column":4},"end":{"line":157,"column":5}},"33":{"start":{"line":128,"column":6},"end":{"line":128,"column":39}},"34":{"start":{"line":129,"column":21},"end":{"line":129,"column":26}},"35":{"start":{"line":132,"column":6},"end":{"line":134,"column":7}},"36":{"start":{"line":133,"column":8},"end":{"line":133,"column":69}},"37":{"start":{"line":136,"column":6},"end":{"line":144,"column":8}},"38":{"start":{"line":146,"column":6},"end":{"line":156,"column":8}},"39":{"start":{"line":161,"column":4},"end":{"line":191,"column":5}},"40":{"start":{"line":162,"column":6},"end":{"line":162,"column":36}},"41":{"start":{"line":164,"column":6},"end":{"line":166,"column":7}},"42":{"start":{"line":165,"column":8},"end":{"line":165,"column":77}},"43":{"start":{"line":168,"column":21},"end":{"line":168,"column":33}},"44":{"start":{"line":170,"column":6},"end":{"line":178,"column":8}},"45":{"start":{"line":180,"column":6},"end":{"line":190,"column":8}},"46":{"start":{"line":195,"column":4},"end":{"line":231,"column":5}},"47":{"start":{"line":196,"column":6},"end":{"line":196,"column":39}},"48":{"start":{"line":199,"column":6},"end":{"line":201,"column":7}},"49":{"start":{"line":200,"column":8},"end":{"line":200,"column":70}},"50":{"start":{"line":203,"column":21},"end":{"line":203,"column":35}},"51":{"start":{"line":206,"column":6},"end":{"line":208,"column":7}},"52":{"start":{"line":207,"column":8},"end":{"line":207,"column":69}},"53":{"start":{"line":210,"column":6},"end":{"line":218,"column":8}},"54":{"start":{"line":220,"column":6},"end":{"line":230,"column":8}},"55":{"start":{"line":235,"column":4},"end":{"line":265,"column":5}},"56":{"start":{"line":236,"column":6},"end":{"line":236,"column":39}},"57":{"start":{"line":238,"column":6},"end":{"line":240,"column":7}},"58":{"start":{"line":239,"column":8},"end":{"line":239,"column":57}},"59":{"start":{"line":242,"column":21},"end":{"line":242,"column":26}},"60":{"start":{"line":244,"column":6},"end":{"line":252,"column":8}},"61":{"start":{"line":254,"column":6},"end":{"line":264,"column":8}},"62":{"start":{"line":269,"column":4},"end":{"line":303,"column":5}},"63":{"start":{"line":270,"column":6},"end":{"line":270,"column":39}},"64":{"start":{"line":272,"column":6},"end":{"line":274,"column":7}},"65":{"start":{"line":273,"column":8},"end":{"line":273,"column":55}},"66":{"start":{"line":275,"column":6},"end":{"line":277,"column":7}},"67":{"start":{"line":276,"column":8},"end":{"line":276,"column":72}},"68":{"start":{"line":280,"column":21},"end":{"line":280,"column":46}},"69":{"start":{"line":282,"column":6},"end":{"line":290,"column":8}},"70":{"start":{"line":292,"column":6},"end":{"line":302,"column":8}},"71":{"start":{"line":307,"column":4},"end":{"line":338,"column":5}},"72":{"start":{"line":308,"column":6},"end":{"line":308,"column":39}},"73":{"start":{"line":310,"column":21},"end":{"line":310,"column":32}},"74":{"start":{"line":313,"column":6},"end":{"line":315,"column":7}},"75":{"start":{"line":314,"column":8},"end":{"line":314,"column":69}},"76":{"start":{"line":317,"column":6},"end":{"line":325,"column":8}},"77":{"start":{"line":327,"column":6},"end":{"line":337,"column":8}},"78":{"start":{"line":342,"column":0},"end":{"line":342,"column":31}}},"fnMap":{"0":{"name":"(anonymous_0)","decl":{"start":{"line":2,"column":10},"end":{"line":2,"column":31}},"loc":{"start":{"line":2,"column":46},"end":{"line":17,"column":3}}},"1":{"name":"(anonymous_1)","decl":{"start":{"line":19,"column":2},"end":{"line":19,"column":7}},"loc":{"start":{"line":19,"column":43},"end":{"line":51,"column":3}}},"2":{"name":"(anonymous_2)","decl":{"start":{"line":53,"column":2},"end":{"line":53,"column":7}},"loc":{"start":{"line":53,"column":49},"end":{"line":85,"column":3}}},"3":{"name":"(anonymous_3)","decl":{"start":{"line":87,"column":2},"end":{"line":87,"column":7}},"loc":{"start":{"line":87,"column":43},"end":{"line":124,"column":3}}},"4":{"name":"(anonymous_4)","decl":{"start":{"line":126,"column":2},"end":{"line":126,"column":7}},"loc":{"start":{"line":126,"column":46},"end":{"line":158,"column":3}}},"5":{"name":"(anonymous_5)","decl":{"start":{"line":160,"column":2},"end":{"line":160,"column":7}},"loc":{"start":{"line":160,"column":34},"end":{"line":192,"column":3}}},"6":{"name":"(anonymous_6)","decl":{"start":{"line":194,"column":2},"end":{"line":194,"column":7}},"loc":{"start":{"line":194,"column":40},"end":{"line":232,"column":3}}},"7":{"name":"(anonymous_7)","decl":{"start":{"line":234,"column":2},"end":{"line":234,"column":7}},"loc":{"start":{"line":234,"column":41},"end":{"line":266,"column":3}}},"8":{"name":"(anonymous_8)","decl":{"start":{"line":268,"column":2},"end":{"line":268,"column":7}},"loc":{"start":{"line":268,"column":44},"end":{"line":304,"column":3}}},"9":{"name":"(anonymous_9)","decl":{"start":{"line":306,"column":2},"end":{"line":306,"column":7}},"loc":{"start":{"line":306,"column":42},"end":{"line":339,"column":3}}}},"branchMap":{"0":{"loc":{"start":{"line":5,"column":6},"end":{"line":7,"column":7}},"type":"if","locations":[{"start":{"line":5,"column":6},"end":{"line":7,"column":7}}]},"1":{"loc":{"start":{"line":5,"column":10},"end":{"line":5,"column":47}},"type":"binary-expr","locations":[{"start":{"line":5,"column":10},"end":{"line":5,"column":29}},{"start":{"line":5,"column":33},"end":{"line":5,"column":47}}]},"2":{"loc":{"start":{"line":8,"column":6},"end":{"line":10,"column":7}},"type":"if","locations":[{"start":{"line":8,"column":6},"end":{"line":10,"column":7}}]},"3":{"loc":{"start":{"line":11,"column":6},"end":{"line":15,"column":7}},"type":"if","locations":[{"start":{"line":11,"column":6},"end":{"line":15,"column":7}}]},"4":{"loc":{"start":{"line":25,"column":6},"end":{"line":27,"column":7}},"type":"if","locations":[{"start":{"line":25,"column":6},"end":{"line":27,"column":7}}]},"5":{"loc":{"start":{"line":44,"column":14},"end":{"line":44,"column":null}},"type":"cond-expr","locations":[{"start":{"line":44,"column":39},"end":{"line":44,"column":52}},{"start":{"line":44,"column":55},"end":{"line":44,"column":null}}]},"6":{"loc":{"start":{"line":59,"column":6},"end":{"line":61,"column":7}},"type":"if","locations":[{"start":{"line":59,"column":6},"end":{"line":61,"column":7}}]},"7":{"loc":{"start":{"line":78,"column":14},"end":{"line":78,"column":null}},"type":"cond-expr","locations":[{"start":{"line":78,"column":39},"end":{"line":78,"column":52}},{"start":{"line":78,"column":55},"end":{"line":78,"column":null}}]},"8":{"loc":{"start":{"line":91,"column":6},"end":{"line":93,"column":7}},"type":"if","locations":[{"start":{"line":91,"column":6},"end":{"line":93,"column":7}}]},"9":{"loc":{"start":{"line":98,"column":6},"end":{"line":100,"column":7}},"type":"if","locations":[{"start":{"line":98,"column":6},"end":{"line":100,"column":7}}]},"10":{"loc":{"start":{"line":117,"column":14},"end":{"line":117,"column":null}},"type":"cond-expr","locations":[{"start":{"line":117,"column":39},"end":{"line":117,"column":52}},{"start":{"line":117,"column":55},"end":{"line":117,"column":null}}]},"11":{"loc":{"start":{"line":132,"column":6},"end":{"line":134,"column":7}},"type":"if","locations":[{"start":{"line":132,"column":6},"end":{"line":134,"column":7}}]},"12":{"loc":{"start":{"line":151,"column":14},"end":{"line":151,"column":null}},"type":"cond-expr","locations":[{"start":{"line":151,"column":39},"end":{"line":151,"column":52}},{"start":{"line":151,"column":55},"end":{"line":151,"column":null}}]},"13":{"loc":{"start":{"line":164,"column":6},"end":{"line":166,"column":7}},"type":"if","locations":[{"start":{"line":164,"column":6},"end":{"line":166,"column":7}}]},"14":{"loc":{"start":{"line":185,"column":14},"end":{"line":185,"column":null}},"type":"cond-expr","locations":[{"start":{"line":185,"column":39},"end":{"line":185,"column":52}},{"start":{"line":185,"column":55},"end":{"line":185,"column":null}}]},"15":{"loc":{"start":{"line":199,"column":6},"end":{"line":201,"column":7}},"type":"if","locations":[{"start":{"line":199,"column":6},"end":{"line":201,"column":7}}]},"16":{"loc":{"start":{"line":206,"column":6},"end":{"line":208,"column":7}},"type":"if","locations":[{"start":{"line":206,"column":6},"end":{"line":208,"column":7}}]},"17":{"loc":{"start":{"line":225,"column":14},"end":{"line":225,"column":null}},"type":"cond-expr","locations":[{"start":{"line":225,"column":39},"end":{"line":225,"column":52}},{"start":{"line":225,"column":55},"end":{"line":225,"column":null}}]},"18":{"loc":{"start":{"line":238,"column":6},"end":{"line":240,"column":7}},"type":"if","locations":[{"start":{"line":238,"column":6},"end":{"line":240,"column":7}}]},"19":{"loc":{"start":{"line":259,"column":14},"end":{"line":259,"column":null}},"type":"cond-expr","locations":[{"start":{"line":259,"column":39},"end":{"line":259,"column":52}},{"start":{"line":259,"column":55},"end":{"line":259,"column":null}}]},"20":{"loc":{"start":{"line":272,"column":6},"end":{"line":274,"column":7}},"type":"if","locations":[{"start":{"line":272,"column":6},"end":{"line":274,"column":7}}]},"21":{"loc":{"start":{"line":275,"column":6},"end":{"line":277,"column":7}},"type":"if","locations":[{"start":{"line":275,"column":6},"end":{"line":277,"column":7}}]},"22":{"loc":{"start":{"line":275,"column":10},"end":{"line":275,"column":27}},"type":"binary-expr","locations":[{"start":{"line":275,"column":10},"end":{"line":275,"column":16}},{"start":{"line":275,"column":20},"end":{"line":275,"column":27}}]},"23":{"loc":{"start":{"line":297,"column":14},"end":{"line":297,"column":null}},"type":"cond-expr","locations":[{"start":{"line":297,"column":39},"end":{"line":297,"column":52}},{"start":{"line":297,"column":55},"end":{"line":297,"column":null}}]},"24":{"loc":{"start":{"line":313,"column":6},"end":{"line":315,"column":7}},"type":"if","locations":[{"start":{"line":313,"column":6},"end":{"line":315,"column":7}}]},"25":{"loc":{"start":{"line":332,"column":14},"end":{"line":332,"column":null}},"type":"cond-expr","locations":[{"start":{"line":332,"column":39},"end":{"line":332,"column":52}},{"start":{"line":332,"column":55},"end":{"line":332,"column":null}}]}},"s":{"0":64,"1":64,"2":110,"3":110,"4":2,"5":108,"6":10,"7":98,"8":2,"9":10,"10":10,"11":5,"12":5,"13":1,"14":4,"15":6,"16":8,"17":8,"18":6,"19":6,"20":1,"21":5,"22":3,"23":6,"24":6,"25":5,"26":2,"27":3,"28":3,"29":0,"30":3,"31":3,"32":4,"33":4,"34":3,"35":3,"36":0,"37":3,"38":1,"39":6,"40":6,"41":5,"42":1,"43":4,"44":4,"45":2,"46":9,"47":9,"48":8,"49":1,"50":7,"51":7,"52":1,"53":6,"54":3,"55":6,"56":6,"57":5,"58":1,"59":4,"60":4,"61":2,"62":8,"63":8,"64":7,"65":2,"66":5,"67":2,"68":3,"69":3,"70":5,"71":7,"72":7,"73":6,"74":6,"75":1,"76":5,"77":2,"78":11},"f":{"0":64,"1":10,"2":8,"3":6,"4":4,"5":6,"6":9,"7":6,"8":8,"9":7},"b":{"0":[2],"1":[110,109],"2":[10],"3":[2],"4":[1],"5":[6,0],"6":[1],"7":[3,0],"8":[2],"9":[0],"10":[3,0],"11":[0],"12":[1,0],"13":[1],"14":[2,0],"15":[1],"16":[1],"17":[3,0],"18":[1],"19":[2,0],"20":[2],"21":[2],"22":[5,4],"23":[5,0],"24":[1],"25":[2,0]}}
,"/Users/maikmetzger/Privat/TestMcpServer/src/controllers/ShopwareController.ts": {"path":"/Users/maikmetzger/Privat/TestMcpServer/src/controllers/ShopwareController.ts","statementMap":{"0":{"start":{"line":1,"column":0},"end":{"line":1,"column":54}},"1":{"start":{"line":2,"column":0},"end":{"line":2,"column":33}},"2":{"start":{"line":6,"column":20},"end":{"line":6,"column":35}},"3":{"start":{"line":7,"column":20},"end":{"line":7,"column":43}},"4":{"start":{"line":14,"column":4},"end":{"line":119,"column":5}},"5":{"start":{"line":16,"column":6},"end":{"line":18,"column":7}},"6":{"start":{"line":17,"column":8},"end":{"line":17,"column":62}},"7":{"start":{"line":21,"column":6},"end":{"line":23,"column":7}},"8":{"start":{"line":22,"column":8},"end":{"line":22,"column":103}},"9":{"start":{"line":26,"column":26},"end":{"line":26,"column":51}},"10":{"start":{"line":27,"column":6},"end":{"line":27,"column":96}},"11":{"start":{"line":30,"column":6},"end":{"line":105,"column":9}},"12":{"start":{"line":31,"column":8},"end":{"line":104,"column":9}},"13":{"start":{"line":33,"column":32},"end":{"line":45,"column":12}},"14":{"start":{"line":47,"column":27},"end":{"line":47,"column":29}},"15":{"start":{"line":48,"column":27},"end":{"line":48,"column":29}},"16":{"start":{"line":50,"column":10},"end":{"line":52,"column":13}},"17":{"start":{"line":51,"column":12},"end":{"line":51,"column":42}},"18":{"start":{"line":54,"column":10},"end":{"line":56,"column":13}},"19":{"start":{"line":55,"column":12},"end":{"line":55,"column":42}},"20":{"start":{"line":58,"column":10},"end":{"line":80,"column":13}},"21":{"start":{"line":59,"column":12},"end":{"line":79,"column":13}},"22":{"start":{"line":60,"column":14},"end":{"line":68,"column":17}},"23":{"start":{"line":70,"column":14},"end":{"line":78,"column":17}},"24":{"start":{"line":82,"column":10},"end":{"line":92,"column":13}},"25":{"start":{"line":83,"column":12},"end":{"line":91,"column":15}},"26":{"start":{"line":94,"column":10},"end":{"line":94,"column":63}},"27":{"start":{"line":95,"column":10},"end":{"line":103,"column":13}},"28":{"start":{"line":108,"column":6},"end":{"line":118,"column":8}},"29":{"start":{"line":126,"column":4},"end":{"line":252,"column":5}},"30":{"start":{"line":128,"column":6},"end":{"line":130,"column":7}},"31":{"start":{"line":129,"column":8},"end":{"line":129,"column":63}},"32":{"start":{"line":133,"column":6},"end":{"line":135,"column":7}},"33":{"start":{"line":134,"column":8},"end":{"line":134,"column":82}},"34":{"start":{"line":139,"column":6},"end":{"line":154,"column":7}},"35":{"start":{"line":141,"column":10},"end":{"line":141,"column":52}},"36":{"start":{"line":142,"column":10},"end":{"line":142,"column":16}},"37":{"start":{"line":144,"column":10},"end":{"line":144,"column":53}},"38":{"start":{"line":145,"column":10},"end":{"line":145,"column":16}},"39":{"start":{"line":147,"column":10},"end":{"line":147,"column":54}},"40":{"start":{"line":148,"column":10},"end":{"line":148,"column":16}},"41":{"start":{"line":150,"column":10},"end":{"line":150,"column":50}},"42":{"start":{"line":151,"column":10},"end":{"line":151,"column":16}},"43":{"start":{"line":153,"column":10},"end":{"line":153,"column":58}},"44":{"start":{"line":157,"column":26},"end":{"line":159,"column":39}},"45":{"start":{"line":161,"column":6},"end":{"line":161,"column":96}},"46":{"start":{"line":164,"column":6},"end":{"line":239,"column":9}},"47":{"start":{"line":165,"column":8},"end":{"line":238,"column":9}},"48":{"start":{"line":167,"column":32},"end":{"line":179,"column":12}},"49":{"start":{"line":181,"column":27},"end":{"line":181,"column":29}},"50":{"start":{"line":182,"column":27},"end":{"line":182,"column":29}},"51":{"start":{"line":184,"column":10},"end":{"line":186,"column":13}},"52":{"start":{"line":185,"column":12},"end":{"line":185,"column":42}},"53":{"start":{"line":188,"column":10},"end":{"line":190,"column":13}},"54":{"start":{"line":189,"column":12},"end":{"line":189,"column":42}},"55":{"start":{"line":192,"column":10},"end":{"line":214,"column":13}},"56":{"start":{"line":193,"column":12},"end":{"line":213,"column":13}},"57":{"start":{"line":194,"column":14},"end":{"line":202,"column":17}},"58":{"start":{"line":204,"column":14},"end":{"line":212,"column":17}},"59":{"start":{"line":216,"column":10},"end":{"line":226,"column":13}},"60":{"start":{"line":217,"column":12},"end":{"line":225,"column":15}},"61":{"start":{"line":228,"column":10},"end":{"line":228,"column":63}},"62":{"start":{"line":229,"column":10},"end":{"line":237,"column":13}},"63":{"start":{"line":241,"column":6},"end":{"line":251,"column":8}},"64":{"start":{"line":259,"column":4},"end":{"line":386,"column":5}},"65":{"start":{"line":261,"column":6},"end":{"line":263,"column":7}},"66":{"start":{"line":262,"column":8},"end":{"line":262,"column":64}},"67":{"start":{"line":266,"column":6},"end":{"line":268,"column":7}},"68":{"start":{"line":267,"column":8},"end":{"line":267,"column":82}},"69":{"start":{"line":272,"column":6},"end":{"line":291,"column":7}},"70":{"start":{"line":274,"column":10},"end":{"line":274,"column":35}},"71":{"start":{"line":275,"column":10},"end":{"line":275,"column":16}},"72":{"start":{"line":277,"column":10},"end":{"line":277,"column":67}},"73":{"start":{"line":278,"column":10},"end":{"line":278,"column":16}},"74":{"start":{"line":280,"column":10},"end":{"line":280,"column":68}},"75":{"start":{"line":281,"column":10},"end":{"line":281,"column":16}},"76":{"start":{"line":283,"column":10},"end":{"line":283,"column":69}},"77":{"start":{"line":284,"column":10},"end":{"line":284,"column":16}},"78":{"start":{"line":287,"column":10},"end":{"line":287,"column":78}},"79":{"start":{"line":288,"column":10},"end":{"line":288,"column":16}},"80":{"start":{"line":290,"column":10},"end":{"line":290,"column":61}},"81":{"start":{"line":294,"column":26},"end":{"line":294,"column":58}},"82":{"start":{"line":295,"column":6},"end":{"line":295,"column":96}},"83":{"start":{"line":298,"column":6},"end":{"line":373,"column":9}},"84":{"start":{"line":299,"column":8},"end":{"line":372,"column":9}},"85":{"start":{"line":301,"column":32},"end":{"line":313,"column":12}},"86":{"start":{"line":315,"column":27},"end":{"line":315,"column":29}},"87":{"start":{"line":316,"column":27},"end":{"line":316,"column":29}},"88":{"start":{"line":318,"column":10},"end":{"line":320,"column":13}},"89":{"start":{"line":319,"column":12},"end":{"line":319,"column":42}},"90":{"start":{"line":322,"column":10},"end":{"line":324,"column":13}},"91":{"start":{"line":323,"column":12},"end":{"line":323,"column":42}},"92":{"start":{"line":326,"column":10},"end":{"line":348,"column":13}},"93":{"start":{"line":327,"column":12},"end":{"line":347,"column":13}},"94":{"start":{"line":328,"column":14},"end":{"line":336,"column":17}},"95":{"start":{"line":338,"column":14},"end":{"line":346,"column":17}},"96":{"start":{"line":350,"column":10},"end":{"line":360,"column":13}},"97":{"start":{"line":351,"column":12},"end":{"line":359,"column":15}},"98":{"start":{"line":362,"column":10},"end":{"line":362,"column":63}},"99":{"start":{"line":363,"column":10},"end":{"line":371,"column":13}},"100":{"start":{"line":375,"column":6},"end":{"line":385,"column":8}},"101":{"start":{"line":390,"column":0},"end":{"line":390,"column":34}}},"fnMap":{"0":{"name":"(anonymous_0)","decl":{"start":{"line":13,"column":2},"end":{"line":13,"column":7}},"loc":{"start":{"line":13,"column":93},"end":{"line":120,"column":3}}},"1":{"name":"(anonymous_1)","decl":{"start":{"line":30,"column":30},"end":{"line":30,"column":31}},"loc":{"start":{"line":30,"column":42},"end":{"line":105,"column":7}}},"2":{"name":"(anonymous_2)","decl":{"start":{"line":50,"column":42},"end":{"line":50,"column":43}},"loc":{"start":{"line":50,"column":51},"end":{"line":52,"column":11}}},"3":{"name":"(anonymous_3)","decl":{"start":{"line":54,"column":42},"end":{"line":54,"column":43}},"loc":{"start":{"line":54,"column":51},"end":{"line":56,"column":11}}},"4":{"name":"(anonymous_4)","decl":{"start":{"line":58,"column":36},"end":{"line":58,"column":37}},"loc":{"start":{"line":58,"column":45},"end":{"line":80,"column":11}}},"5":{"name":"(anonymous_5)","decl":{"start":{"line":82,"column":36},"end":{"line":82,"column":37}},"loc":{"start":{"line":82,"column":44},"end":{"line":92,"column":11}}},"6":{"name":"(anonymous_6)","decl":{"start":{"line":125,"column":2},"end":{"line":125,"column":7}},"loc":{"start":{"line":125,"column":74},"end":{"line":253,"column":3}}},"7":{"name":"(anonymous_7)","decl":{"start":{"line":164,"column":30},"end":{"line":164,"column":31}},"loc":{"start":{"line":164,"column":42},"end":{"line":239,"column":7}}},"8":{"name":"(anonymous_8)","decl":{"start":{"line":184,"column":42},"end":{"line":184,"column":43}},"loc":{"start":{"line":184,"column":51},"end":{"line":186,"column":11}}},"9":{"name":"(anonymous_9)","decl":{"start":{"line":188,"column":42},"end":{"line":188,"column":43}},"loc":{"start":{"line":188,"column":51},"end":{"line":190,"column":11}}},"10":{"name":"(anonymous_10)","decl":{"start":{"line":192,"column":36},"end":{"line":192,"column":37}},"loc":{"start":{"line":192,"column":45},"end":{"line":214,"column":11}}},"11":{"name":"(anonymous_11)","decl":{"start":{"line":216,"column":36},"end":{"line":216,"column":37}},"loc":{"start":{"line":216,"column":44},"end":{"line":226,"column":11}}},"12":{"name":"(anonymous_12)","decl":{"start":{"line":258,"column":2},"end":{"line":258,"column":7}},"loc":{"start":{"line":258,"column":86},"end":{"line":387,"column":3}}},"13":{"name":"(anonymous_13)","decl":{"start":{"line":298,"column":30},"end":{"line":298,"column":31}},"loc":{"start":{"line":298,"column":42},"end":{"line":373,"column":7}}},"14":{"name":"(anonymous_14)","decl":{"start":{"line":318,"column":42},"end":{"line":318,"column":43}},"loc":{"start":{"line":318,"column":51},"end":{"line":320,"column":11}}},"15":{"name":"(anonymous_15)","decl":{"start":{"line":322,"column":42},"end":{"line":322,"column":43}},"loc":{"start":{"line":322,"column":51},"end":{"line":324,"column":11}}},"16":{"name":"(anonymous_16)","decl":{"start":{"line":326,"column":36},"end":{"line":326,"column":37}},"loc":{"start":{"line":326,"column":45},"end":{"line":348,"column":11}}},"17":{"name":"(anonymous_17)","decl":{"start":{"line":350,"column":36},"end":{"line":350,"column":37}},"loc":{"start":{"line":350,"column":44},"end":{"line":360,"column":11}}}},"branchMap":{"0":{"loc":{"start":{"line":13,"column":64},"end":{"line":13,"column":93}},"type":"default-arg","locations":[{"start":{"line":13,"column":78},"end":{"line":13,"column":93}}]},"1":{"loc":{"start":{"line":16,"column":6},"end":{"line":18,"column":7}},"type":"if","locations":[{"start":{"line":16,"column":6},"end":{"line":18,"column":7}}]},"2":{"loc":{"start":{"line":16,"column":10},"end":{"line":16,"column":32}},"type":"binary-expr","locations":[{"start":{"line":16,"column":10},"end":{"line":16,"column":20}},{"start":{"line":16,"column":24},"end":{"line":16,"column":32}}]},"3":{"loc":{"start":{"line":21,"column":6},"end":{"line":23,"column":7}},"type":"if","locations":[{"start":{"line":21,"column":6},"end":{"line":23,"column":7}}]},"4":{"loc":{"start":{"line":21,"column":10},"end":{"line":21,"column":66}},"type":"binary-expr","locations":[{"start":{"line":21,"column":10},"end":{"line":21,"column":39}},{"start":{"line":21,"column":43},"end":{"line":21,"column":66}}]},"5":{"loc":{"start":{"line":59,"column":12},"end":{"line":79,"column":13}},"type":"if","locations":[{"start":{"line":59,"column":12},"end":{"line":79,"column":13}},{"start":{"line":69,"column":19},"end":{"line":79,"column":13}}]},"6":{"loc":{"start":{"line":64,"column":56},"end":{"line":64,"column":88}},"type":"binary-expr","locations":[{"start":{"line":64,"column":56},"end":{"line":64,"column":66}},{"start":{"line":64,"column":70},"end":{"line":64,"column":88}}]},"7":{"loc":{"start":{"line":74,"column":26},"end":{"line":74,"column":86}},"type":"binary-expr","locations":[{"start":{"line":74,"column":26},"end":{"line":74,"column":36}},{"start":{"line":74,"column":40},"end":{"line":74,"column":86}}]},"8":{"loc":{"start":{"line":113,"column":14},"end":{"line":113,"column":null}},"type":"binary-expr","locations":[{"start":{"line":113,"column":14},"end":{"line":113,"column":28}},{"start":{"line":113,"column":32},"end":{"line":113,"column":null}}]},"9":{"loc":{"start":{"line":125,"column":55},"end":{"line":125,"column":74}},"type":"default-arg","locations":[{"start":{"line":125,"column":71},"end":{"line":125,"column":74}}]},"10":{"loc":{"start":{"line":128,"column":6},"end":{"line":130,"column":7}},"type":"if","locations":[{"start":{"line":128,"column":6},"end":{"line":130,"column":7}}]},"11":{"loc":{"start":{"line":128,"column":10},"end":{"line":128,"column":32}},"type":"binary-expr","locations":[{"start":{"line":128,"column":10},"end":{"line":128,"column":20}},{"start":{"line":128,"column":24},"end":{"line":128,"column":32}}]},"12":{"loc":{"start":{"line":133,"column":6},"end":{"line":135,"column":7}},"type":"if","locations":[{"start":{"line":133,"column":6},"end":{"line":135,"column":7}}]},"13":{"loc":{"start":{"line":139,"column":6},"end":{"line":154,"column":7}},"type":"switch","locations":[{"start":{"line":140,"column":8},"end":{"line":142,"column":16}},{"start":{"line":143,"column":8},"end":{"line":145,"column":16}},{"start":{"line":146,"column":8},"end":{"line":148,"column":16}},{"start":{"line":149,"column":8},"end":{"line":151,"column":16}},{"start":{"line":152,"column":8},"end":{"line":153,"column":58}}]},"14":{"loc":{"start":{"line":157,"column":26},"end":{"line":159,"column":39}},"type":"cond-expr","locations":[{"start":{"line":158,"column":10},"end":{"line":158,"column":90}},{"start":{"line":159,"column":10},"end":{"line":159,"column":39}}]},"15":{"loc":{"start":{"line":193,"column":12},"end":{"line":213,"column":13}},"type":"if","locations":[{"start":{"line":193,"column":12},"end":{"line":213,"column":13}},{"start":{"line":203,"column":19},"end":{"line":213,"column":13}}]},"16":{"loc":{"start":{"line":198,"column":69},"end":{"line":198,"column":101}},"type":"binary-expr","locations":[{"start":{"line":198,"column":69},"end":{"line":198,"column":79}},{"start":{"line":198,"column":83},"end":{"line":198,"column":101}}]},"17":{"loc":{"start":{"line":208,"column":26},"end":{"line":208,"column":62}},"type":"binary-expr","locations":[{"start":{"line":208,"column":26},"end":{"line":208,"column":36}},{"start":{"line":208,"column":40},"end":{"line":208,"column":62}}]},"18":{"loc":{"start":{"line":246,"column":14},"end":{"line":246,"column":null}},"type":"binary-expr","locations":[{"start":{"line":246,"column":14},"end":{"line":246,"column":28}},{"start":{"line":246,"column":32},"end":{"line":246,"column":null}}]},"19":{"loc":{"start":{"line":258,"column":58},"end":{"line":258,"column":86}},"type":"default-arg","locations":[{"start":{"line":258,"column":80},"end":{"line":258,"column":86}}]},"20":{"loc":{"start":{"line":261,"column":6},"end":{"line":263,"column":7}},"type":"if","locations":[{"start":{"line":261,"column":6},"end":{"line":263,"column":7}}]},"21":{"loc":{"start":{"line":261,"column":10},"end":{"line":261,"column":34}},"type":"binary-expr","locations":[{"start":{"line":261,"column":10},"end":{"line":261,"column":20}},{"start":{"line":261,"column":24},"end":{"line":261,"column":34}}]},"22":{"loc":{"start":{"line":266,"column":6},"end":{"line":268,"column":7}},"type":"if","locations":[{"start":{"line":266,"column":6},"end":{"line":268,"column":7}}]},"23":{"loc":{"start":{"line":272,"column":6},"end":{"line":291,"column":7}},"type":"switch","locations":[{"start":{"line":273,"column":8},"end":{"line":275,"column":16}},{"start":{"line":276,"column":8},"end":{"line":278,"column":16}},{"start":{"line":279,"column":8},"end":{"line":281,"column":16}},{"start":{"line":282,"column":8},"end":{"line":284,"column":16}},{"start":{"line":285,"column":8},"end":{"line":285,"column":34}},{"start":{"line":286,"column":8},"end":{"line":288,"column":16}},{"start":{"line":289,"column":8},"end":{"line":290,"column":61}}]},"24":{"loc":{"start":{"line":327,"column":12},"end":{"line":347,"column":13}},"type":"if","locations":[{"start":{"line":327,"column":12},"end":{"line":347,"column":13}},{"start":{"line":337,"column":19},"end":{"line":347,"column":13}}]},"25":{"loc":{"start":{"line":332,"column":77},"end":{"line":332,"column":109}},"type":"binary-expr","locations":[{"start":{"line":332,"column":77},"end":{"line":332,"column":87}},{"start":{"line":332,"column":91},"end":{"line":332,"column":109}}]},"26":{"loc":{"start":{"line":342,"column":26},"end":{"line":342,"column":89}},"type":"binary-expr","locations":[{"start":{"line":342,"column":26},"end":{"line":342,"column":36}},{"start":{"line":342,"column":40},"end":{"line":342,"column":89}}]},"27":{"loc":{"start":{"line":380,"column":14},"end":{"line":380,"column":null}},"type":"binary-expr","locations":[{"start":{"line":380,"column":14},"end":{"line":380,"column":28}},{"start":{"line":380,"column":32},"end":{"line":380,"column":null}}]}},"s":{"0":1,"1":1,"2":1,"3":1,"4":0,"5":0,"6":0,"7":0,"8":0,"9":0,"10":0,"11":0,"12":0,"13":0,"14":0,"15":0,"16":0,"17":0,"18":0,"19":0,"20":0,"21":0,"22":0,"23":0,"24":0,"25":0,"26":0,"27":0,"28":0,"29":0,"30":0,"31":0,"32":0,"33":0,"34":0,"35":0,"36":0,"37":0,"38":0,"39":0,"40":0,"41":0,"42":0,"43":0,"44":0,"45":0,"46":0,"47":0,"48":0,"49":0,"50":0,"51":0,"52":0,"53":0,"54":0,"55":0,"56":0,"57":0,"58":0,"59":0,"60":0,"61":0,"62":0,"63":0,"64":0,"65":0,"66":0,"67":0,"68":0,"69":0,"70":0,"71":0,"72":0,"73":0,"74":0,"75":0,"76":0,"77":0,"78":0,"79":0,"80":0,"81":0,"82":0,"83":0,"84":0,"85":0,"86":0,"87":0,"88":0,"89":0,"90":0,"91":0,"92":0,"93":0,"94":0,"95":0,"96":0,"97":0,"98":0,"99":0,"100":0,"101":1},"f":{"0":0,"1":0,"2":0,"3":0,"4":0,"5":0,"6":0,"7":0,"8":0,"9":0,"10":0,"11":0,"12":0,"13":0,"14":0,"15":0,"16":0,"17":0},"b":{"0":[0],"1":[0],"2":[0,0],"3":[0],"4":[0,0],"5":[0,0],"6":[0,0],"7":[0,0],"8":[0,0],"9":[0],"10":[0],"11":[0,0],"12":[0],"13":[0,0,0,0,0],"14":[0,0],"15":[0,0],"16":[0,0],"17":[0,0],"18":[0,0],"19":[0],"20":[0],"21":[0,0],"22":[0],"23":[0,0,0,0,0,0,0],"24":[0,0],"25":[0,0],"26":[0,0],"27":[0,0]}}
,"/Users/maikmetzger/Privat/TestMcpServer/src/definitions/browser/consoleCapture.ts": {"path":"/Users/maikmetzger/Privat/TestMcpServer/src/definitions/browser/consoleCapture.ts","statementMap":{"0":{"start":{"line":1,"column":0},"end":{"line":1,"column":24}},"1":{"start":{"line":3,"column":13},"end":{"line":12,"column":2}}},"fnMap":{},"branchMap":{},"s":{"0":1,"1":1},"f":{},"b":{}}
,"/Users/maikmetzger/Privat/TestMcpServer/src/definitions/browser/main.ts": {"path":"/Users/maikmetzger/Privat/TestMcpServer/src/definitions/browser/main.ts","statementMap":{"0":{"start":{"line":1,"column":0},"end":{"line":1,"column":53}},"1":{"start":{"line":3,"column":13},"end":{"line":5,"column":2}}},"fnMap":{},"branchMap":{},"s":{"0":1,"1":1},"f":{},"b":{}}
,"/Users/maikmetzger/Privat/TestMcpServer/src/definitions/filesystem/main.ts": {"path":"/Users/maikmetzger/Privat/TestMcpServer/src/definitions/filesystem/main.ts","statementMap":{"0":{"start":{"line":1,"column":0},"end":{"line":1,"column":33}},"1":{"start":{"line":2,"column":0},"end":{"line":2,"column":37}},"2":{"start":{"line":3,"column":0},"end":{"line":3,"column":33}},"3":{"start":{"line":5,"column":25},"end":{"line":5,"column":54}},"4":{"start":{"line":7,"column":0},"end":{"line":7,"column":32}}},"fnMap":{},"branchMap":{},"s":{"0":1,"1":1,"2":1,"3":1,"4":1},"f":{},"b":{}}
,"/Users/maikmetzger/Privat/TestMcpServer/src/definitions/filesystem/read.ts": {"path":"/Users/maikmetzger/Privat/TestMcpServer/src/definitions/filesystem/read.ts","statementMap":{"0":{"start":{"line":3,"column":13},"end":{"line":24,"column":2}}},"fnMap":{},"branchMap":{},"s":{"0":1},"f":{},"b":{}}
,"/Users/maikmetzger/Privat/TestMcpServer/src/definitions/filesystem/search.ts": {"path":"/Users/maikmetzger/Privat/TestMcpServer/src/definitions/filesystem/search.ts","statementMap":{"0":{"start":{"line":3,"column":13},"end":{"line":29,"column":2}}},"fnMap":{},"branchMap":{},"s":{"0":1},"f":{},"b":{}}
,"/Users/maikmetzger/Privat/TestMcpServer/src/definitions/filesystem/tree.ts": {"path":"/Users/maikmetzger/Privat/TestMcpServer/src/definitions/filesystem/tree.ts","statementMap":{"0":{"start":{"line":3,"column":13},"end":{"line":16,"column":2}}},"fnMap":{},"branchMap":{},"s":{"0":1},"f":{},"b":{}}
,"/Users/maikmetzger/Privat/TestMcpServer/src/definitions/image/imageConversion.ts": {"path":"/Users/maikmetzger/Privat/TestMcpServer/src/definitions/image/imageConversion.ts","statementMap":{"0":{"start":{"line":3,"column":13},"end":{"line":32,"column":2}}},"fnMap":{},"branchMap":{},"s":{"0":1},"f":{},"b":{}}
,"/Users/maikmetzger/Privat/TestMcpServer/src/definitions/image/imageResize.ts": {"path":"/Users/maikmetzger/Privat/TestMcpServer/src/definitions/image/imageResize.ts","statementMap":{"0":{"start":{"line":3,"column":13},"end":{"line":40,"column":2}}},"fnMap":{},"branchMap":{},"s":{"0":1},"f":{},"b":{}}
,"/Users/maikmetzger/Privat/TestMcpServer/src/definitions/image/main.ts": {"path":"/Users/maikmetzger/Privat/TestMcpServer/src/definitions/image/main.ts","statementMap":{"0":{"start":{"line":1,"column":0},"end":{"line":1,"column":56}},"1":{"start":{"line":2,"column":0},"end":{"line":2,"column":48}},"2":{"start":{"line":4,"column":20},"end":{"line":4,"column":61}},"3":{"start":{"line":6,"column":0},"end":{"line":6,"column":27}}},"fnMap":{},"branchMap":{},"s":{"0":1,"1":1,"2":1,"3":1},"f":{},"b":{}}
,"/Users/maikmetzger/Privat/TestMcpServer/src/definitions/maths/addition.ts": {"path":"/Users/maikmetzger/Privat/TestMcpServer/src/definitions/maths/addition.ts","statementMap":{"0":{"start":{"line":3,"column":13},"end":{"line":20,"column":2}}},"fnMap":{},"branchMap":{},"s":{"0":1},"f":{},"b":{}}
,"/Users/maikmetzger/Privat/TestMcpServer/src/definitions/maths/average.ts": {"path":"/Users/maikmetzger/Privat/TestMcpServer/src/definitions/maths/average.ts","statementMap":{"0":{"start":{"line":3,"column":13},"end":{"line":20,"column":2}}},"fnMap":{},"branchMap":{},"s":{"0":1},"f":{},"b":{}}
,"/Users/maikmetzger/Privat/TestMcpServer/src/definitions/maths/division.ts": {"path":"/Users/maikmetzger/Privat/TestMcpServer/src/definitions/maths/division.ts","statementMap":{"0":{"start":{"line":3,"column":13},"end":{"line":21,"column":2}}},"fnMap":{},"branchMap":{},"s":{"0":1},"f":{},"b":{}}
,"/Users/maikmetzger/Privat/TestMcpServer/src/definitions/maths/logarithm.ts": {"path":"/Users/maikmetzger/Privat/TestMcpServer/src/definitions/maths/logarithm.ts","statementMap":{"0":{"start":{"line":3,"column":13},"end":{"line":20,"column":2}}},"fnMap":{},"branchMap":{},"s":{"0":1},"f":{},"b":{}}
,"/Users/maikmetzger/Privat/TestMcpServer/src/definitions/maths/main.ts": {"path":"/Users/maikmetzger/Privat/TestMcpServer/src/definitions/maths/main.ts","statementMap":{"0":{"start":{"line":1,"column":0},"end":{"line":1,"column":41}},"1":{"start":{"line":2,"column":0},"end":{"line":2,"column":53}},"2":{"start":{"line":3,"column":0},"end":{"line":3,"column":41}},"3":{"start":{"line":4,"column":0},"end":{"line":4,"column":47}},"4":{"start":{"line":5,"column":0},"end":{"line":5,"column":46}},"5":{"start":{"line":6,"column":0},"end":{"line":6,"column":35}},"6":{"start":{"line":7,"column":0},"end":{"line":7,"column":37}},"7":{"start":{"line":8,"column":0},"end":{"line":8,"column":43}},"8":{"start":{"line":9,"column":0},"end":{"line":9,"column":39}},"9":{"start":{"line":11,"column":20},"end":{"line":21,"column":11}},"10":{"start":{"line":23,"column":0},"end":{"line":23,"column":27}}},"fnMap":{},"branchMap":{},"s":{"0":1,"1":1,"2":1,"3":1,"4":1,"5":1,"6":1,"7":1,"8":1,"9":1,"10":1},"f":{},"b":{}}
,"/Users/maikmetzger/Privat/TestMcpServer/src/definitions/maths/modulo.ts": {"path":"/Users/maikmetzger/Privat/TestMcpServer/src/definitions/maths/modulo.ts","statementMap":{"0":{"start":{"line":3,"column":13},"end":{"line":20,"column":2}}},"fnMap":{},"branchMap":{},"s":{"0":1},"f":{},"b":{}}
,"/Users/maikmetzger/Privat/TestMcpServer/src/definitions/maths/multiplication.ts": {"path":"/Users/maikmetzger/Privat/TestMcpServer/src/definitions/maths/multiplication.ts","statementMap":{"0":{"start":{"line":3,"column":13},"end":{"line":21,"column":2}}},"fnMap":{},"branchMap":{},"s":{"0":1},"f":{},"b":{}}
,"/Users/maikmetzger/Privat/TestMcpServer/src/definitions/maths/power.ts": {"path":"/Users/maikmetzger/Privat/TestMcpServer/src/definitions/maths/power.ts","statementMap":{"0":{"start":{"line":3,"column":13},"end":{"line":20,"column":2}}},"fnMap":{},"branchMap":{},"s":{"0":1},"f":{},"b":{}}
,"/Users/maikmetzger/Privat/TestMcpServer/src/definitions/maths/squareRoot.ts": {"path":"/Users/maikmetzger/Privat/TestMcpServer/src/definitions/maths/squareRoot.ts","statementMap":{"0":{"start":{"line":3,"column":13},"end":{"line":16,"column":2}}},"fnMap":{},"branchMap":{},"s":{"0":1},"f":{},"b":{}}
,"/Users/maikmetzger/Privat/TestMcpServer/src/definitions/maths/subtraction.ts": {"path":"/Users/maikmetzger/Privat/TestMcpServer/src/definitions/maths/subtraction.ts","statementMap":{"0":{"start":{"line":3,"column":13},"end":{"line":21,"column":2}}},"fnMap":{},"branchMap":{},"s":{"0":1},"f":{},"b":{}}
,"/Users/maikmetzger/Privat/TestMcpServer/src/definitions/shopware/build.ts": {"path":"/Users/maikmetzger/Privat/TestMcpServer/src/definitions/shopware/build.ts","statementMap":{"0":{"start":{"line":3,"column":13},"end":{"line":26,"column":2}}},"fnMap":{},"branchMap":{},"s":{"0":1},"f":{},"b":{}}
,"/Users/maikmetzger/Privat/TestMcpServer/src/definitions/shopware/container.ts": {"path":"/Users/maikmetzger/Privat/TestMcpServer/src/definitions/shopware/container.ts","statementMap":{"0":{"start":{"line":3,"column":13},"end":{"line":24,"column":2}}},"fnMap":{},"branchMap":{},"s":{"0":1},"f":{},"b":{}}
,"/Users/maikmetzger/Privat/TestMcpServer/src/definitions/shopware/logs.ts": {"path":"/Users/maikmetzger/Privat/TestMcpServer/src/definitions/shopware/logs.ts","statementMap":{"0":{"start":{"line":3,"column":13},"end":{"line":25,"column":2}}},"fnMap":{},"branchMap":{},"s":{"0":1},"f":{},"b":{}}
,"/Users/maikmetzger/Privat/TestMcpServer/src/definitions/shopware/main.ts": {"path":"/Users/maikmetzger/Privat/TestMcpServer/src/definitions/shopware/main.ts","statementMap":{"0":{"start":{"line":1,"column":0},"end":{"line":1,"column":48}},"1":{"start":{"line":2,"column":0},"end":{"line":2,"column":33}},"2":{"start":{"line":3,"column":0},"end":{"line":3,"column":35}},"3":{"start":{"line":5,"column":23},"end":{"line":5,"column":61}},"4":{"start":{"line":7,"column":0},"end":{"line":7,"column":30}}},"fnMap":{},"branchMap":{},"s":{"0":1,"1":1,"2":1,"3":1,"4":1},"f":{},"b":{}}
,"/Users/maikmetzger/Privat/TestMcpServer/src/utils/toolRegistry.ts": {"path":"/Users/maikmetzger/Privat/TestMcpServer/src/utils/toolRegistry.ts","statementMap":{"0":{"start":{"line":99,"column":0},"end":{"line":99,"column":16}},"1":{"start":{"line":109,"column":0},"end":{"line":109,"column":16}},"2":{"start":{"line":1,"column":0},"end":{"line":1,"column":74}},"3":{"start":{"line":2,"column":0},"end":{"line":2,"column":64}},"4":{"start":{"line":3,"column":0},"end":{"line":3,"column":64}},"5":{"start":{"line":4,"column":0},"end":{"line":4,"column":70}},"6":{"start":{"line":5,"column":0},"end":{"line":5,"column":72}},"7":{"start":{"line":6,"column":0},"end":{"line":6,"column":65}},"8":{"start":{"line":7,"column":0},"end":{"line":7,"column":55}},"9":{"start":{"line":8,"column":0},"end":{"line":8,"column":55}},"10":{"start":{"line":9,"column":0},"end":{"line":9,"column":61}},"11":{"start":{"line":10,"column":0},"end":{"line":10,"column":62}},"12":{"start":{"line":19,"column":37},"end":{"line":97,"column":2}},"13":{"start":{"line":100,"column":2},"end":{"line":106,"column":4}},"14":{"start":{"line":110,"column":18},"end":{"line":110,"column":41}},"15":{"start":{"line":111,"column":2},"end":{"line":113,"column":3}},"16":{"start":{"line":112,"column":4},"end":{"line":112,"column":16}},"17":{"start":{"line":115,"column":29},"end":{"line":115,"column":53}},"18":{"start":{"line":116,"column":2},"end":{"line":120,"column":4}},"19":{"start":{"line":117,"column":4},"end":{"line":119,"column":6}}},"fnMap":{"0":{"name":"getToolDefinitions","decl":{"start":{"line":99,"column":16},"end":{"line":99,"column":34}},"loc":{"start":{"line":99,"column":34},"end":{"line":107,"column":1}}},"1":{"name":"getToolHandler","decl":{"start":{"line":109,"column":16},"end":{"line":109,"column":30}},"loc":{"start":{"line":109,"column":47},"end":{"line":121,"column":1}}},"2":{"name":"(anonymous_3)","decl":{"start":{"line":116,"column":9},"end":{"line":116,"column":14}},"loc":{"start":{"line":116,"column":29},"end":{"line":120,"column":3}}}},"branchMap":{"0":{"loc":{"start":{"line":111,"column":2},"end":{"line":113,"column":3}},"type":"if","locations":[{"start":{"line":111,"column":2},"end":{"line":113,"column":3}}]}},"s":{"0":1,"1":1,"2":1,"3":1,"4":1,"5":1,"6":1,"7":1,"8":1,"9":1,"10":1,"11":1,"12":1,"13":0,"14":5,"15":5,"16":0,"17":5,"18":5,"19":5},"f":{"0":0,"1":5,"2":5},"b":{"0":[0]}}
,"/Users/maikmetzger/Privat/TestMcpServer/tests/utils/mcpTestHelper.ts": {"path":"/Users/maikmetzger/Privat/TestMcpServer/tests/utils/mcpTestHelper.ts","statementMap":{"0":{"start":{"line":7,"column":0},"end":{"line":7,"column":7}},"1":{"start":{"line":20,"column":0},"end":{"line":20,"column":16}},"2":{"start":{"line":1,"column":0},"end":{"line":1,"column":65}},"3":{"start":{"line":8,"column":18},"end":{"line":8,"column":42}},"4":{"start":{"line":10,"column":2},"end":{"line":12,"column":3}},"5":{"start":{"line":11,"column":4},"end":{"line":11,"column":52}},"6":{"start":{"line":14,"column":2},"end":{"line":14,"column":29}},"7":{"start":{"line":21,"column":2},"end":{"line":29,"column":4}}},"fnMap":{"0":{"name":"simulateMcpToolCall","decl":{"start":{"line":7,"column":22},"end":{"line":7,"column":41}},"loc":{"start":{"line":7,"column":69},"end":{"line":15,"column":1}}},"1":{"name":"createMcpToolRequest","decl":{"start":{"line":20,"column":16},"end":{"line":20,"column":36}},"loc":{"start":{"line":20,"column":64},"end":{"line":30,"column":1}}}},"branchMap":{"0":{"loc":{"start":{"line":10,"column":2},"end":{"line":12,"column":3}},"type":"if","locations":[{"start":{"line":10,"column":2},"end":{"line":12,"column":3}}]}},"s":{"0":1,"1":1,"2":1,"3":5,"4":5,"5":0,"6":5,"7":1},"f":{"0":5,"1":1},"b":{"0":[0]}}
}
