TN:
SF:src/controllers/MathsController.ts
FN:2,(anonymous_0)
FN:19,(anonymous_1)
FN:53,(anonymous_2)
FN:87,(anonymous_3)
FN:126,(anonymous_4)
FN:160,(anonymous_5)
FN:194,(anonymous_6)
FN:234,(anonymous_7)
FN:268,(anonymous_8)
FN:306,(anonymous_9)
FN:341,(anonymous_10)
FN:365,(anonymous_11)
FN:368,(anonymous_12)
FN:369,(anonymous_13)
FNF:14
FNH:4
FNDA:0,(anonymous_0)
FNDA:0,(anonymous_1)
FNDA:0,(anonymous_2)
FNDA:0,(anonymous_3)
FNDA:0,(anonymous_4)
FNDA:0,(anonymous_5)
FNDA:0,(anonymous_6)
FNDA:0,(anonymous_7)
FNDA:0,(anonymous_8)
FNDA:0,(anonymous_9)
FNDA:8,(anonymous_10)
FNDA:25,(anonymous_11)
FNDA:25,(anonymous_12)
FNDA:25,(anonymous_13)
DA:3,0
DA:4,0
DA:5,0
DA:6,0
DA:8,0
DA:9,0
DA:11,0
DA:12,0
DA:20,0
DA:21,0
DA:22,0
DA:25,0
DA:26,0
DA:29,0
DA:39,0
DA:54,0
DA:55,0
DA:56,0
DA:59,0
DA:60,0
DA:63,0
DA:73,0
DA:88,0
DA:89,0
DA:91,0
DA:92,0
DA:95,0
DA:98,0
DA:99,0
DA:102,0
DA:112,0
DA:127,0
DA:128,0
DA:129,0
DA:132,0
DA:133,0
DA:136,0
DA:146,0
DA:161,0
DA:162,0
DA:164,0
DA:165,0
DA:168,0
DA:170,0
DA:180,0
DA:195,0
DA:196,0
DA:199,0
DA:200,0
DA:203,0
DA:206,0
DA:207,0
DA:210,0
DA:220,0
DA:235,0
DA:236,0
DA:238,0
DA:239,0
DA:242,0
DA:244,0
DA:254,0
DA:269,0
DA:270,0
DA:272,0
DA:273,0
DA:275,0
DA:276,0
DA:280,0
DA:282,0
DA:292,0
DA:307,0
DA:308,0
DA:310,0
DA:313,0
DA:314,0
DA:317,0
DA:327,0
DA:342,8
DA:344,8
DA:345,0
DA:349,8
DA:350,28
DA:351,1
DA:356,7
DA:357,2
DA:360,5
DA:361,1
DA:365,25
DA:368,25
DA:369,25
DA:374,4
DA:375,3
DA:377,1
DA:380,4
DA:390,4
DA:405,1
LF:96
LH:18
BRDA:5,0,0,0
BRDA:5,1,0,0
BRDA:5,1,1,0
BRDA:8,2,0,0
BRDA:11,3,0,0
BRDA:25,4,0,0
BRDA:44,5,0,0
BRDA:44,5,1,0
BRDA:59,6,0,0
BRDA:78,7,0,0
BRDA:78,7,1,0
BRDA:91,8,0,0
BRDA:98,9,0,0
BRDA:117,10,0,0
BRDA:117,10,1,0
BRDA:132,11,0,0
BRDA:151,12,0,0
BRDA:151,12,1,0
BRDA:164,13,0,0
BRDA:185,14,0,0
BRDA:185,14,1,0
BRDA:199,15,0,0
BRDA:206,16,0,0
BRDA:225,17,0,0
BRDA:225,17,1,0
BRDA:238,18,0,0
BRDA:259,19,0,0
BRDA:259,19,1,0
BRDA:272,20,0,0
BRDA:275,21,0,0
BRDA:275,22,0,0
BRDA:275,22,1,0
BRDA:297,23,0,0
BRDA:297,23,1,0
BRDA:313,24,0,0
BRDA:332,25,0,0
BRDA:332,25,1,0
BRDA:341,26,0,4
BRDA:344,27,0,0
BRDA:350,28,0,1
BRDA:350,29,0,28
BRDA:350,29,1,28
BRDA:356,30,0,2
BRDA:360,31,0,1
BRDA:360,32,0,5
BRDA:360,32,1,2
BRDA:374,33,0,3
BRDA:374,33,1,1
BRDA:384,34,0,3
BRDA:384,34,1,1
BRDA:395,35,0,4
BRDA:395,35,1,0
BRF:52
BRH:13
end_of_record
