TN:
SF:src/controllers/BrowserController.ts
FN:13,(anonymous_1)
FN:30,(anonymous_2)
FN:37,(anonymous_3)
FN:48,(anonymous_4)
FN:57,(anonymous_5)
FN:71,(anonymous_6)
FN:87,(anonymous_7)
FN:98,(anonymous_8)
FNF:8
FNH:8
FNDA:8,(anonymous_1)
FNDA:13,(anonymous_2)
FNDA:10,(anonymous_3)
FNDA:18,(anonymous_4)
FNDA:8,(anonymous_5)
FNDA:18,(anonymous_6)
FNDA:4,(anonymous_7)
FNDA:14,(anonymous_8)
DA:1,2
DA:10,2
DA:11,7
DA:14,8
DA:15,0
DA:18,8
DA:22,8
DA:23,1
DA:26,8
DA:27,7
DA:31,13
DA:32,7
DA:33,7
DA:38,10
DA:45,10
DA:49,18
DA:51,5
DA:52,5
DA:54,5
DA:63,8
DA:64,8
DA:66,8
DA:67,8
DA:68,7
DA:71,7
DA:72,18
DA:74,18
DA:75,14
DA:84,7
DA:87,4
DA:90,4
DA:91,4
DA:94,4
DA:95,4
DA:96,0
DA:98,4
DA:99,14
DA:103,4
DA:110,4
DA:112,4
DA:113,4
LF:41
LH:39
BRDA:14,0,0,0
BRDA:22,1,0,1
BRDA:31,2,0,7
BRDA:45,3,0,10
BRDA:45,3,1,1
BRDA:49,4,0,13
BRDA:63,5,0,2
BRDA:63,6,0,6
BRDA:74,7,0,14
BRDA:95,8,0,0
BRDA:95,8,1,4
BRDA:112,9,0,4
BRDA:112,9,1,0
BRF:13
BRH:10
end_of_record
TN:
SF:src/controllers/FilesystemController.ts
FN:8,(anonymous_1)
FN:17,(anonymous_2)
FN:47,(anonymous_3)
FN:149,(anonymous_4)
FN:169,buildTree
FN:180,(anonymous_6)
FN:185,(anonymous_7)
FN:194,(anonymous_8)
FN:203,(anonymous_9)
FN:206,(anonymous_10)
FN:264,(anonymous_11)
FNF:11
FNH:11
FNDA:11,(anonymous_1)
FNDA:4,(anonymous_2)
FNDA:2,(anonymous_3)
FNDA:3,(anonymous_4)
FNDA:6,buildTree
FNDA:12,(anonymous_6)
FNDA:12,(anonymous_7)
FNDA:6,(anonymous_8)
FNDA:12,(anonymous_9)
FNDA:12,(anonymous_10)
FNDA:4,(anonymous_11)
DA:1,4
DA:2,4
DA:3,4
DA:4,4
DA:5,4
DA:10,11
DA:15,11
DA:18,4
DA:19,4
DA:22,4
DA:23,4
DA:24,3
DA:25,0
DA:27,3
DA:29,1
DA:36,3
DA:39,3
DA:41,1
DA:47,2
DA:52,2
DA:53,2
DA:56,2
DA:63,2
DA:65,2
DA:66,10
DA:67,10
DA:70,10
DA:73,10
DA:74,10
DA:75,10
DA:77,10
DA:80,0
DA:85,2
DA:86,10
DA:88,10
DA:89,10
DA:90,10
DA:95,10
DA:96,10
DA:97,10
DA:98,10
DA:100,2
DA:105,2
DA:106,0
DA:107,0
DA:112,0
DA:116,0
DA:119,3
DA:135,1
DA:150,3
DA:151,3
DA:154,3
DA:155,3
DA:156,2
DA:157,0
DA:159,2
DA:161,1
DA:173,6
DA:175,6
DA:176,6
DA:179,6
DA:180,12
DA:184,6
DA:186,12
DA:187,12
DA:188,12
DA:193,6
DA:198,6
DA:199,6
DA:200,2
DA:203,12
DA:205,6
DA:207,12
DA:208,12
DA:209,12
DA:210,12
DA:211,12
DA:213,12
DA:223,0
DA:228,0
DA:233,6
DA:235,0
DA:240,0
DA:244,2
DA:245,2
DA:250,1
DA:265,4
DA:267,4
DA:270,4
DA:271,4
DA:272,3
DA:273,0
DA:275,3
DA:277,1
DA:285,3
DA:286,3
DA:287,3
DA:288,0
DA:300,3
DA:301,3
DA:302,3
DA:303,0
DA:315,3
DA:316,3
DA:321,3
DA:322,3
DA:323,3
DA:325,3
DA:326,11
DA:327,9
DA:330,11
DA:331,11
DA:332,2
DA:336,3
DA:346,1
DA:361,4
LF:116
LH:102
BRDA:10,0,0,11
BRDA:10,0,1,0
BRDA:17,1,0,3
BRDA:24,2,0,0
BRDA:31,3,0,1
BRDA:31,3,1,0
BRDA:39,4,0,1
BRDA:39,4,1,2
BRDA:52,5,0,2
BRDA:52,5,1,0
BRDA:70,6,0,0
BRDA:75,7,0,0
BRDA:86,8,0,0
BRDA:86,9,0,10
BRDA:86,9,1,10
BRDA:98,10,0,2
BRDA:105,11,0,0
BRDA:140,12,0,1
BRDA:140,12,1,0
BRDA:156,13,0,0
BRDA:163,14,0,1
BRDA:163,14,1,0
BRDA:171,15,0,2
BRDA:173,16,0,0
BRDA:180,17,0,12
BRDA:180,17,1,0
BRDA:198,18,0,0
BRDA:198,19,0,6
BRDA:198,19,1,0
BRDA:199,20,0,4
BRDA:199,21,0,6
BRDA:199,21,1,6
BRDA:216,22,0,4
BRDA:216,22,1,8
BRDA:218,23,0,4
BRDA:218,23,1,8
BRDA:225,24,0,0
BRDA:225,24,1,0
BRDA:237,25,0,0
BRDA:237,25,1,0
BRDA:255,26,0,1
BRDA:255,26,1,0
BRDA:264,27,0,2
BRDA:264,28,0,3
BRDA:272,29,0,0
BRDA:279,30,0,1
BRDA:279,30,1,0
BRDA:287,31,0,0
BRDA:302,32,0,0
BRDA:326,33,0,9
BRDA:326,34,0,11
BRDA:326,34,1,9
BRDA:331,35,0,2
BRDA:351,36,0,1
BRDA:351,36,1,0
BRF:55
BRH:30
end_of_record
TN:
SF:src/controllers/ImageController.ts
FN:7,(anonymous_1)
FN:33,(anonymous_2)
FN:42,(anonymous_3)
FN:56,(anonymous_4)
FN:129,(anonymous_5)
FNF:5
FNH:5
FNDA:5,(anonymous_1)
FNDA:4,(anonymous_2)
FNDA:3,(anonymous_3)
FNDA:4,(anonymous_4)
FNDA:3,(anonymous_5)
DA:1,3
DA:2,3
DA:3,3
DA:4,3
DA:8,5
DA:10,5
DA:13,3
DA:14,3
DA:15,0
DA:18,2
DA:22,0
DA:23,2
DA:27,0
DA:29,2
DA:34,4
DA:35,1
DA:37,3
DA:38,0
DA:43,3
DA:44,3
DA:45,3
DA:48,0
DA:49,0
DA:51,0
DA:62,4
DA:64,4
DA:65,0
DA:67,4
DA:68,0
DA:71,4
DA:72,3
DA:75,2
DA:76,0
DA:77,0
DA:83,2
DA:86,2
DA:91,2
DA:94,2
DA:95,2
DA:96,2
DA:101,2
DA:115,2
DA:137,3
DA:139,3
DA:140,0
DA:142,3
DA:143,1
DA:145,2
DA:146,0
DA:148,2
DA:149,0
DA:152,2
DA:155,1
DA:156,0
DA:157,0
DA:158,0
DA:164,1
DA:167,1
DA:170,1
DA:171,0
DA:175,1
DA:176,1
DA:179,1
DA:180,1
DA:181,1
DA:186,1
DA:201,2
DA:216,3
LF:68
LH:50
BRDA:14,0,0,0
BRDA:18,1,0,0
BRDA:18,1,1,2
BRDA:19,2,0,2
BRDA:19,2,1,0
BRDA:23,3,0,0
BRDA:24,4,0,2
BRDA:24,4,1,0
BRDA:34,5,0,1
BRDA:37,6,0,0
BRDA:37,7,0,3
BRDA:37,7,1,3
BRDA:64,8,0,0
BRDA:67,9,0,0
BRDA:75,10,0,0
BRDA:120,11,0,1
BRDA:120,11,1,1
BRDA:139,12,0,0
BRDA:142,13,0,1
BRDA:142,14,0,3
BRDA:142,14,1,3
BRDA:142,14,2,2
BRDA:145,15,0,0
BRDA:145,16,0,2
BRDA:145,16,1,2
BRDA:145,16,2,2
BRDA:148,17,0,0
BRDA:155,18,0,0
BRDA:157,19,0,0
BRDA:157,19,1,0
BRDA:160,20,0,0
BRDA:160,20,1,0
BRDA:170,21,0,0
BRDA:171,22,0,0
BRDA:171,22,1,0
BRDA:194,23,0,1
BRDA:194,23,1,0
BRDA:206,24,0,1
BRDA:206,24,1,1
BRF:39
BRH:18
end_of_record
TN:
SF:src/controllers/MathsController.ts
FN:2,(anonymous_0)
FN:19,(anonymous_1)
FN:53,(anonymous_2)
FN:87,(anonymous_3)
FN:126,(anonymous_4)
FN:160,(anonymous_5)
FN:194,(anonymous_6)
FN:234,(anonymous_7)
FN:268,(anonymous_8)
FN:306,(anonymous_9)
FNF:10
FNH:10
FNDA:64,(anonymous_0)
FNDA:10,(anonymous_1)
FNDA:8,(anonymous_2)
FNDA:6,(anonymous_3)
FNDA:4,(anonymous_4)
FNDA:6,(anonymous_5)
FNDA:9,(anonymous_6)
FNDA:6,(anonymous_7)
FNDA:8,(anonymous_8)
FNDA:7,(anonymous_9)
DA:3,64
DA:4,110
DA:5,110
DA:6,2
DA:8,108
DA:9,10
DA:11,98
DA:12,2
DA:20,10
DA:21,10
DA:22,5
DA:25,5
DA:26,1
DA:29,4
DA:39,6
DA:54,8
DA:55,8
DA:56,6
DA:59,6
DA:60,1
DA:63,5
DA:73,3
DA:88,6
DA:89,6
DA:91,5
DA:92,2
DA:95,3
DA:98,3
DA:99,0
DA:102,3
DA:112,3
DA:127,4
DA:128,4
DA:129,3
DA:132,3
DA:133,0
DA:136,3
DA:146,1
DA:161,6
DA:162,6
DA:164,5
DA:165,1
DA:168,4
DA:170,4
DA:180,2
DA:195,9
DA:196,9
DA:199,8
DA:200,1
DA:203,7
DA:206,7
DA:207,1
DA:210,6
DA:220,3
DA:235,6
DA:236,6
DA:238,5
DA:239,1
DA:242,4
DA:244,4
DA:254,2
DA:269,8
DA:270,8
DA:272,7
DA:273,2
DA:275,5
DA:276,2
DA:280,3
DA:282,3
DA:292,5
DA:307,7
DA:308,7
DA:310,6
DA:313,6
DA:314,1
DA:317,5
DA:327,2
DA:342,11
LF:78
LH:76
BRDA:5,0,0,2
BRDA:5,1,0,110
BRDA:5,1,1,109
BRDA:8,2,0,10
BRDA:11,3,0,2
BRDA:25,4,0,1
BRDA:44,5,0,6
BRDA:44,5,1,0
BRDA:59,6,0,1
BRDA:78,7,0,3
BRDA:78,7,1,0
BRDA:91,8,0,2
BRDA:98,9,0,0
BRDA:117,10,0,3
BRDA:117,10,1,0
BRDA:132,11,0,0
BRDA:151,12,0,1
BRDA:151,12,1,0
BRDA:164,13,0,1
BRDA:185,14,0,2
BRDA:185,14,1,0
BRDA:199,15,0,1
BRDA:206,16,0,1
BRDA:225,17,0,3
BRDA:225,17,1,0
BRDA:238,18,0,1
BRDA:259,19,0,2
BRDA:259,19,1,0
BRDA:272,20,0,2
BRDA:275,21,0,2
BRDA:275,22,0,5
BRDA:275,22,1,4
BRDA:297,23,0,5
BRDA:297,23,1,0
BRDA:313,24,0,1
BRDA:332,25,0,2
BRDA:332,25,1,0
BRF:37
BRH:26
end_of_record
TN:
SF:src/controllers/ShopwareController.ts
FN:13,(anonymous_0)
FN:30,(anonymous_1)
FN:50,(anonymous_2)
FN:54,(anonymous_3)
FN:58,(anonymous_4)
FN:82,(anonymous_5)
FN:125,(anonymous_6)
FN:164,(anonymous_7)
FN:184,(anonymous_8)
FN:188,(anonymous_9)
FN:192,(anonymous_10)
FN:216,(anonymous_11)
FN:258,(anonymous_12)
FN:298,(anonymous_13)
FN:318,(anonymous_14)
FN:322,(anonymous_15)
FN:326,(anonymous_16)
FN:350,(anonymous_17)
FNF:18
FNH:0
FNDA:0,(anonymous_0)
FNDA:0,(anonymous_1)
FNDA:0,(anonymous_2)
FNDA:0,(anonymous_3)
FNDA:0,(anonymous_4)
FNDA:0,(anonymous_5)
FNDA:0,(anonymous_6)
FNDA:0,(anonymous_7)
FNDA:0,(anonymous_8)
FNDA:0,(anonymous_9)
FNDA:0,(anonymous_10)
FNDA:0,(anonymous_11)
FNDA:0,(anonymous_12)
FNDA:0,(anonymous_13)
FNDA:0,(anonymous_14)
FNDA:0,(anonymous_15)
FNDA:0,(anonymous_16)
FNDA:0,(anonymous_17)
DA:1,1
DA:2,1
DA:6,1
DA:7,1
DA:14,0
DA:16,0
DA:17,0
DA:21,0
DA:22,0
DA:26,0
DA:27,0
DA:30,0
DA:31,0
DA:33,0
DA:47,0
DA:48,0
DA:50,0
DA:51,0
DA:54,0
DA:55,0
DA:58,0
DA:59,0
DA:60,0
DA:70,0
DA:82,0
DA:83,0
DA:94,0
DA:95,0
DA:108,0
DA:126,0
DA:128,0
DA:129,0
DA:133,0
DA:134,0
DA:139,0
DA:141,0
DA:142,0
DA:144,0
DA:145,0
DA:147,0
DA:148,0
DA:150,0
DA:151,0
DA:153,0
DA:157,0
DA:161,0
DA:164,0
DA:165,0
DA:167,0
DA:181,0
DA:182,0
DA:184,0
DA:185,0
DA:188,0
DA:189,0
DA:192,0
DA:193,0
DA:194,0
DA:204,0
DA:216,0
DA:217,0
DA:228,0
DA:229,0
DA:241,0
DA:259,0
DA:261,0
DA:262,0
DA:266,0
DA:267,0
DA:272,0
DA:274,0
DA:275,0
DA:277,0
DA:278,0
DA:280,0
DA:281,0
DA:283,0
DA:284,0
DA:287,0
DA:288,0
DA:290,0
DA:294,0
DA:295,0
DA:298,0
DA:299,0
DA:301,0
DA:315,0
DA:316,0
DA:318,0
DA:319,0
DA:322,0
DA:323,0
DA:326,0
DA:327,0
DA:328,0
DA:338,0
DA:350,0
DA:351,0
DA:362,0
DA:363,0
DA:375,0
DA:390,1
LF:102
LH:5
BRDA:13,0,0,0
BRDA:16,1,0,0
BRDA:16,2,0,0
BRDA:16,2,1,0
BRDA:21,3,0,0
BRDA:21,4,0,0
BRDA:21,4,1,0
BRDA:59,5,0,0
BRDA:59,5,1,0
BRDA:64,6,0,0
BRDA:64,6,1,0
BRDA:74,7,0,0
BRDA:74,7,1,0
BRDA:113,8,0,0
BRDA:113,8,1,0
BRDA:125,9,0,0
BRDA:128,10,0,0
BRDA:128,11,0,0
BRDA:128,11,1,0
BRDA:133,12,0,0
BRDA:139,13,0,0
BRDA:139,13,1,0
BRDA:139,13,2,0
BRDA:139,13,3,0
BRDA:139,13,4,0
BRDA:157,14,0,0
BRDA:157,14,1,0
BRDA:193,15,0,0
BRDA:193,15,1,0
BRDA:198,16,0,0
BRDA:198,16,1,0
BRDA:208,17,0,0
BRDA:208,17,1,0
BRDA:246,18,0,0
BRDA:246,18,1,0
BRDA:258,19,0,0
BRDA:261,20,0,0
BRDA:261,21,0,0
BRDA:261,21,1,0
BRDA:266,22,0,0
BRDA:272,23,0,0
BRDA:272,23,1,0
BRDA:272,23,2,0
BRDA:272,23,3,0
BRDA:272,23,4,0
BRDA:272,23,5,0
BRDA:272,23,6,0
BRDA:327,24,0,0
BRDA:327,24,1,0
BRDA:332,25,0,0
BRDA:332,25,1,0
BRDA:342,26,0,0
BRDA:342,26,1,0
BRDA:380,27,0,0
BRDA:380,27,1,0
BRF:55
BRH:0
end_of_record
TN:
SF:src/definitions/browser/consoleCapture.ts
FNF:0
FNH:0
DA:1,1
DA:3,1
LF:2
LH:2
BRF:0
BRH:0
end_of_record
TN:
SF:src/definitions/browser/main.ts
FNF:0
FNH:0
DA:1,1
DA:3,1
LF:2
LH:2
BRF:0
BRH:0
end_of_record
TN:
SF:src/definitions/filesystem/main.ts
FNF:0
FNH:0
DA:1,1
DA:2,1
DA:3,1
DA:5,1
DA:7,1
LF:5
LH:5
BRF:0
BRH:0
end_of_record
TN:
SF:src/definitions/filesystem/read.ts
FNF:0
FNH:0
DA:3,1
LF:1
LH:1
BRF:0
BRH:0
end_of_record
TN:
SF:src/definitions/filesystem/search.ts
FNF:0
FNH:0
DA:3,1
LF:1
LH:1
BRF:0
BRH:0
end_of_record
TN:
SF:src/definitions/filesystem/tree.ts
FNF:0
FNH:0
DA:3,1
LF:1
LH:1
BRF:0
BRH:0
end_of_record
TN:
SF:src/definitions/image/imageConversion.ts
FNF:0
FNH:0
DA:3,1
LF:1
LH:1
BRF:0
BRH:0
end_of_record
TN:
SF:src/definitions/image/imageResize.ts
FNF:0
FNH:0
DA:3,1
LF:1
LH:1
BRF:0
BRH:0
end_of_record
TN:
SF:src/definitions/image/main.ts
FNF:0
FNH:0
DA:1,1
DA:2,1
DA:4,1
DA:6,1
LF:4
LH:4
BRF:0
BRH:0
end_of_record
TN:
SF:src/definitions/maths/addition.ts
FNF:0
FNH:0
DA:3,1
LF:1
LH:1
BRF:0
BRH:0
end_of_record
TN:
SF:src/definitions/maths/average.ts
FNF:0
FNH:0
DA:3,1
LF:1
LH:1
BRF:0
BRH:0
end_of_record
TN:
SF:src/definitions/maths/division.ts
FNF:0
FNH:0
DA:3,1
LF:1
LH:1
BRF:0
BRH:0
end_of_record
TN:
SF:src/definitions/maths/logarithm.ts
FNF:0
FNH:0
DA:3,1
LF:1
LH:1
BRF:0
BRH:0
end_of_record
TN:
SF:src/definitions/maths/main.ts
FNF:0
FNH:0
DA:1,1
DA:2,1
DA:3,1
DA:4,1
DA:5,1
DA:6,1
DA:7,1
DA:8,1
DA:9,1
DA:11,1
DA:23,1
LF:11
LH:11
BRF:0
BRH:0
end_of_record
TN:
SF:src/definitions/maths/modulo.ts
FNF:0
FNH:0
DA:3,1
LF:1
LH:1
BRF:0
BRH:0
end_of_record
TN:
SF:src/definitions/maths/multiplication.ts
FNF:0
FNH:0
DA:3,1
LF:1
LH:1
BRF:0
BRH:0
end_of_record
TN:
SF:src/definitions/maths/power.ts
FNF:0
FNH:0
DA:3,1
LF:1
LH:1
BRF:0
BRH:0
end_of_record
TN:
SF:src/definitions/maths/squareRoot.ts
FNF:0
FNH:0
DA:3,1
LF:1
LH:1
BRF:0
BRH:0
end_of_record
TN:
SF:src/definitions/maths/subtraction.ts
FNF:0
FNH:0
DA:3,1
LF:1
LH:1
BRF:0
BRH:0
end_of_record
TN:
SF:src/definitions/shopware/build.ts
FNF:0
FNH:0
DA:3,1
LF:1
LH:1
BRF:0
BRH:0
end_of_record
TN:
SF:src/definitions/shopware/container.ts
FNF:0
FNH:0
DA:3,1
LF:1
LH:1
BRF:0
BRH:0
end_of_record
TN:
SF:src/definitions/shopware/logs.ts
FNF:0
FNH:0
DA:3,1
LF:1
LH:1
BRF:0
BRH:0
end_of_record
TN:
SF:src/definitions/shopware/main.ts
FNF:0
FNH:0
DA:1,1
DA:2,1
DA:3,1
DA:5,1
DA:7,1
LF:5
LH:5
BRF:0
BRH:0
end_of_record
TN:
SF:src/utils/toolRegistry.ts
FN:99,getToolDefinitions
FN:109,getToolHandler
FN:116,(anonymous_3)
FNF:3
FNH:2
FNDA:0,getToolDefinitions
FNDA:5,getToolHandler
FNDA:5,(anonymous_3)
DA:1,1
DA:2,1
DA:3,1
DA:4,1
DA:5,1
DA:6,1
DA:7,1
DA:8,1
DA:9,1
DA:10,1
DA:19,1
DA:99,1
DA:100,0
DA:109,1
DA:110,5
DA:111,5
DA:112,0
DA:115,5
DA:116,5
DA:117,5
LF:20
LH:18
BRDA:111,0,0,0
BRF:1
BRH:0
end_of_record
TN:
SF:tests/utils/mcpTestHelper.ts
FN:7,simulateMcpToolCall
FN:20,createMcpToolRequest
FNF:2
FNH:2
FNDA:5,simulateMcpToolCall
FNDA:1,createMcpToolRequest
DA:1,1
DA:7,1
DA:8,5
DA:10,5
DA:11,0
DA:14,5
DA:20,1
DA:21,1
LF:8
LH:7
BRDA:10,0,0,0
BRF:1
BRH:0
end_of_record
